22/10/2018 19:01:26 (Std) 	+-+-+-+-+-+-+-+-+-+-+-+-+-+-+-+-+-+-+-+-+-+-+-+-+-+-+-+-+-+-+-+-+-+-+-+-+-+-+-+
22/10/2018 19:01:26 (Std) 	+                     Crazy Eddie's GUI System - Event log                    +
22/10/2018 19:01:26 (Std) 	+                          (http://www.cegui.org.uk/)                         +
22/10/2018 19:01:26 (Std) 	+-+-+-+-+-+-+-+-+-+-+-+-+-+-+-+-+-+-+-+-+-+-+-+-+-+-+-+-+-+-+-+-+-+-+-+-+-+-+-+

22/10/2018 19:01:26 (Std) 	CEGUI::Logger singleton created. (0x1eaaa40)
22/10/2018 19:01:26 (Std) 	
22/10/2018 19:01:26 (Std) 	********************************************************************************
22/10/2018 19:01:26 (Std) 	* Important:                                                                   *
22/10/2018 19:01:26 (Std) 	*     To get support at the CEGUI forums, you must post _at least_ the section *
22/10/2018 19:01:26 (Std) 	*     of this log file indicated below.  Failure to do this will result in no  *
22/10/2018 19:01:26 (Std) 	*     support being given; please do not waste our time.                       *
22/10/2018 19:01:26 (Std) 	********************************************************************************
22/10/2018 19:01:26 (Std) 	********************************************************************************
22/10/2018 19:01:26 (Std) 	* -------- START OF ESSENTIAL SECTION TO BE POSTED ON THE FORUM       -------- *
22/10/2018 19:01:26 (Std) 	********************************************************************************
22/10/2018 19:01:26 (Std) 	---- Version: 0.8.7 (Build: Oct  6 2017 GNU/Linux g++ 5.4.0 20160609 64 bit) ----
22/10/2018 19:01:26 (Std) 	---- Renderer module is: CEGUI::OgreRenderer - Official OGRE based 2nd generation renderer module. ----
22/10/2018 19:01:26 (Std) 	---- XML Parser module is: CEGUI::ExpatParser - Official expat based parser module for CEGUI ----
22/10/2018 19:01:26 (Std) 	---- Image Codec module is: OgreImageCodec - Integrated ImageCodec using the Ogre engine. ----
22/10/2018 19:01:26 (Std) 	---- Scripting module is: None ----
22/10/2018 19:01:26 (Std) 	********************************************************************************
22/10/2018 19:01:26 (Std) 	* -------- END OF ESSENTIAL SECTION TO BE POSTED ON THE FORUM         -------- *
22/10/2018 19:01:26 (Std) 	********************************************************************************
22/10/2018 19:01:26 (Std) 	
22/10/2018 19:01:26 (Std) 	---- Begining CEGUI System initialisation ----
22/10/2018 19:01:26 (Std) 	[CEGUI::ImageManager] Singleton created (0x1e98370)
22/10/2018 19:01:26 (Std) 	[CEGUI::ImageManager] Registered Image type: BasicImage
22/10/2018 19:01:26 (Std) 	CEGUI::FontManager singleton created. (0x1e97a20)
22/10/2018 19:01:26 (Std) 	CEGUI::WindowFactoryManager singleton created
22/10/2018 19:01:26 (Std) 	CEGUI::WindowManager singleton created (0x1eaa130)
22/10/2018 19:01:26 (Std) 	CEGUI::SchemeManager singleton created. (0x1ef6860)
22/10/2018 19:01:26 (Std) 	CEGUI::GlobalEventSet singleton created. (0x1e93ac0)
22/10/2018 19:01:26 (Std) 	CEGUI::AnimationManager singleton created (0x1ef6990)
22/10/2018 19:01:26 (Std) 	CEGUI::WidgetLookManager singleton created. (0x1f0ce60)
22/10/2018 19:01:26 (Std) 	CEGUI::WindowRendererManager singleton created (0x1ef6a50)
22/10/2018 19:01:26 (Std) 	CEGUI::RenderEffectManager singleton created (0x1eff650)
22/10/2018 19:01:26 (Std) 	Created WindowFactory for 'DefaultWindow' windows.
22/10/2018 19:01:26 (Std) 	WindowFactory for 'DefaultWindow' windows added. (0x1f23990)
22/10/2018 19:01:26 (Std) 	Created WindowFactory for 'DragContainer' windows.
22/10/2018 19:01:26 (Std) 	WindowFactory for 'DragContainer' windows added. (0x1f23ba0)
22/10/2018 19:01:26 (Std) 	Created WindowFactory for 'ScrolledContainer' windows.
22/10/2018 19:01:26 (Std) 	WindowFactory for 'ScrolledContainer' windows added. (0x1f23d40)
22/10/2018 19:01:26 (Std) 	Created WindowFactory for 'ClippedContainer' windows.
22/10/2018 19:01:26 (Std) 	WindowFactory for 'ClippedContainer' windows added. (0x1f23ee0)
22/10/2018 19:01:26 (Std) 	Created WindowFactory for 'CEGUI/PushButton' windows.
22/10/2018 19:01:26 (Std) 	WindowFactory for 'CEGUI/PushButton' windows added. (0x1f24080)
22/10/2018 19:01:26 (Std) 	Created WindowFactory for 'CEGUI/RadioButton' windows.
22/10/2018 19:01:26 (Std) 	WindowFactory for 'CEGUI/RadioButton' windows added. (0x1f24220)
22/10/2018 19:01:26 (Std) 	Created WindowFactory for 'CEGUI/Combobox' windows.
22/10/2018 19:01:26 (Std) 	WindowFactory for 'CEGUI/Combobox' windows added. (0x1f243c0)
22/10/2018 19:01:26 (Std) 	Created WindowFactory for 'CEGUI/ComboDropList' windows.
22/10/2018 19:01:26 (Std) 	WindowFactory for 'CEGUI/ComboDropList' windows added. (0x1f24560)
22/10/2018 19:01:26 (Std) 	Created WindowFactory for 'CEGUI/Editbox' windows.
22/10/2018 19:01:26 (Std) 	WindowFactory for 'CEGUI/Editbox' windows added. (0x1f24700)
22/10/2018 19:01:26 (Std) 	Created WindowFactory for 'CEGUI/FrameWindow' windows.
22/10/2018 19:01:26 (Std) 	WindowFactory for 'CEGUI/FrameWindow' windows added. (0x1f248a0)
22/10/2018 19:01:26 (Std) 	Created WindowFactory for 'CEGUI/ItemEntry' windows.
22/10/2018 19:01:26 (Std) 	WindowFactory for 'CEGUI/ItemEntry' windows added. (0x1f24a40)
22/10/2018 19:01:26 (Std) 	Created WindowFactory for 'CEGUI/Listbox' windows.
22/10/2018 19:01:26 (Std) 	WindowFactory for 'CEGUI/Listbox' windows added. (0x1f24be0)
22/10/2018 19:01:26 (Std) 	Created WindowFactory for 'CEGUI/ListHeader' windows.
22/10/2018 19:01:26 (Std) 	WindowFactory for 'CEGUI/ListHeader' windows added. (0x1f24d80)
22/10/2018 19:01:26 (Std) 	Created WindowFactory for 'CEGUI/ListHeaderSegment' windows.
22/10/2018 19:01:26 (Std) 	WindowFactory for 'CEGUI/ListHeaderSegment' windows added. (0x1f24f20)
22/10/2018 19:01:26 (Std) 	Created WindowFactory for 'CEGUI/Menubar' windows.
22/10/2018 19:01:26 (Std) 	WindowFactory for 'CEGUI/Menubar' windows added. (0x1f250c0)
22/10/2018 19:01:26 (Std) 	Created WindowFactory for 'CEGUI/PopupMenu' windows.
22/10/2018 19:01:26 (Std) 	WindowFactory for 'CEGUI/PopupMenu' windows added. (0x1f25260)
22/10/2018 19:01:26 (Std) 	Created WindowFactory for 'CEGUI/MenuItem' windows.
22/10/2018 19:01:26 (Std) 	WindowFactory for 'CEGUI/MenuItem' windows added. (0x1f25400)
22/10/2018 19:01:26 (Std) 	Created WindowFactory for 'CEGUI/MultiColumnList' windows.
22/10/2018 19:01:26 (Std) 	WindowFactory for 'CEGUI/MultiColumnList' windows added. (0x1f256b0)
22/10/2018 19:01:26 (Std) 	Created WindowFactory for 'CEGUI/MultiLineEditbox' windows.
22/10/2018 19:01:26 (Std) 	WindowFactory for 'CEGUI/MultiLineEditbox' windows added. (0x1f25850)
22/10/2018 19:01:26 (Std) 	Created WindowFactory for 'CEGUI/ProgressBar' windows.
22/10/2018 19:01:26 (Std) 	WindowFactory for 'CEGUI/ProgressBar' windows added. (0x1f259f0)
22/10/2018 19:01:26 (Std) 	Created WindowFactory for 'CEGUI/ScrollablePane' windows.
22/10/2018 19:01:26 (Std) 	WindowFactory for 'CEGUI/ScrollablePane' windows added. (0x1f01db0)
22/10/2018 19:01:26 (Std) 	Created WindowFactory for 'CEGUI/Scrollbar' windows.
22/10/2018 19:01:26 (Std) 	WindowFactory for 'CEGUI/Scrollbar' windows added. (0x1f01f50)
22/10/2018 19:01:26 (Std) 	Created WindowFactory for 'CEGUI/Slider' windows.
22/10/2018 19:01:26 (Std) 	WindowFactory for 'CEGUI/Slider' windows added. (0x1f020f0)
22/10/2018 19:01:26 (Std) 	Created WindowFactory for 'CEGUI/Spinner' windows.
22/10/2018 19:01:26 (Std) 	WindowFactory for 'CEGUI/Spinner' windows added. (0x1f02290)
22/10/2018 19:01:26 (Std) 	Created WindowFactory for 'CEGUI/TabButton' windows.
22/10/2018 19:01:26 (Std) 	WindowFactory for 'CEGUI/TabButton' windows added. (0x1f02430)
22/10/2018 19:01:26 (Std) 	Created WindowFactory for 'CEGUI/TabControl' windows.
22/10/2018 19:01:26 (Std) 	WindowFactory for 'CEGUI/TabControl' windows added. (0x1f025d0)
22/10/2018 19:01:26 (Std) 	Created WindowFactory for 'CEGUI/Thumb' windows.
22/10/2018 19:01:26 (Std) 	WindowFactory for 'CEGUI/Thumb' windows added. (0x1f02770)
22/10/2018 19:01:26 (Std) 	Created WindowFactory for 'CEGUI/Titlebar' windows.
22/10/2018 19:01:26 (Std) 	WindowFactory for 'CEGUI/Titlebar' windows added. (0x1f02910)
22/10/2018 19:01:26 (Std) 	Created WindowFactory for 'CEGUI/ToggleButton' windows.
22/10/2018 19:01:26 (Std) 	WindowFactory for 'CEGUI/ToggleButton' windows added. (0x1f02ab0)
22/10/2018 19:01:26 (Std) 	Created WindowFactory for 'CEGUI/Tooltip' windows.
22/10/2018 19:01:26 (Std) 	WindowFactory for 'CEGUI/Tooltip' windows added. (0x1f02c50)
22/10/2018 19:01:26 (Std) 	Created WindowFactory for 'CEGUI/ItemListbox' windows.
22/10/2018 19:01:26 (Std) 	WindowFactory for 'CEGUI/ItemListbox' windows added. (0x1f02df0)
22/10/2018 19:01:26 (Std) 	Created WindowFactory for 'CEGUI/GroupBox' windows.
22/10/2018 19:01:26 (Std) 	WindowFactory for 'CEGUI/GroupBox' windows added. (0x1f02f90)
22/10/2018 19:01:26 (Std) 	Created WindowFactory for 'CEGUI/Tree' windows.
22/10/2018 19:01:26 (Std) 	WindowFactory for 'CEGUI/Tree' windows added. (0x1f03130)
22/10/2018 19:01:26 (Std) 	Created WindowFactory for 'LayoutCell' windows.
22/10/2018 19:01:26 (Std) 	WindowFactory for 'LayoutCell' windows added. (0x1f255a0)
22/10/2018 19:01:26 (Std) 	Created WindowFactory for 'HorizontalLayoutContainer' windows.
22/10/2018 19:01:26 (Std) 	WindowFactory for 'HorizontalLayoutContainer' windows added. (0x1f035c0)
22/10/2018 19:01:26 (Std) 	Created WindowFactory for 'VerticalLayoutContainer' windows.
22/10/2018 19:01:26 (Std) 	WindowFactory for 'VerticalLayoutContainer' windows added. (0x1f03760)
22/10/2018 19:01:26 (Std) 	Created WindowFactory for 'GridLayoutContainer' windows.
22/10/2018 19:01:26 (Std) 	WindowFactory for 'GridLayoutContainer' windows added. (0x1f03900)
22/10/2018 19:01:26 (Std) 	CEGUI::System singleton created. (0x1f177f0)
22/10/2018 19:01:26 (Std) 	---- CEGUI System initialisation completed ----
22/10/2018 19:01:26 (Std) 	
22/10/2018 19:01:26 (Std) 	Started creation of Scheme from XML specification:
22/10/2018 19:01:26 (Std) 	---- CEGUI GUIScheme name: VanillaSkin
22/10/2018 19:01:26 (Std) 	[ImageManager] Started creation of Imageset from XML specification:
22/10/2018 19:01:26 (Std) 	[ImageManager] ---- CEGUI Imageset name: Vanilla-Images
22/10/2018 19:01:26 (Std) 	[ImageManager] ---- Source texture file: vanilla.png
22/10/2018 19:01:26 (Std) 	[ImageManager] ---- Source texture resource group: (Default)
22/10/2018 19:01:26 (Std) 	[OgreRenderer] Created texture: Vanilla-Images
22/10/2018 19:01:26 (Std) 	[ImageManager] Created image: 'Vanilla-Images/GenericBrush' (0x1eacc80) of type: BasicImage
22/10/2018 19:01:26 (Std) 	[ImageManager] Created image: 'Vanilla-Images/FrameTopLeft' (0x1eacf30) of type: BasicImage
22/10/2018 19:01:26 (Std) 	[ImageManager] Created image: 'Vanilla-Images/FrameTopRight' (0x1ead140) of type: BasicImage
22/10/2018 19:01:26 (Std) 	[ImageManager] Created image: 'Vanilla-Images/FrameBottomLeft' (0x1f21fc0) of type: BasicImage
22/10/2018 19:01:26 (Std) 	[ImageManager] Created image: 'Vanilla-Images/FrameBottomRight' (0x1ead670) of type: BasicImage
22/10/2018 19:01:26 (Std) 	[ImageManager] Created image: 'Vanilla-Images/FrameLeft' (0x1eacaf0) of type: BasicImage
22/10/2018 19:01:26 (Std) 	[ImageManager] Created image: 'Vanilla-Images/FrameRight' (0x1f0dcd0) of type: BasicImage
22/10/2018 19:01:26 (Std) 	[ImageManager] Created image: 'Vanilla-Images/FrameTop' (0x1f0dee0) of type: BasicImage
22/10/2018 19:01:26 (Std) 	[ImageManager] Created image: 'Vanilla-Images/FrameBottom' (0x1f0e0f0) of type: BasicImage
22/10/2018 19:01:26 (Std) 	[ImageManager] Created image: 'Vanilla-Images/ScrollUpArrow' (0x1f0e300) of type: BasicImage
22/10/2018 19:01:26 (Std) 	[ImageManager] Created image: 'Vanilla-Images/ScrollDownArrow' (0x1f0e510) of type: BasicImage
22/10/2018 19:01:26 (Std) 	[ImageManager] Created image: 'Vanilla-Images/VertScrollContainer' (0x1f0e8b0) of type: BasicImage
22/10/2018 19:01:26 (Std) 	[ImageManager] Created image: 'Vanilla-Images/ScrollLeftArrow' (0x1f0ebb0) of type: BasicImage
22/10/2018 19:01:26 (Std) 	[ImageManager] Created image: 'Vanilla-Images/ScrollRightArrow' (0x1f0edc0) of type: BasicImage
22/10/2018 19:01:26 (Std) 	[ImageManager] Created image: 'Vanilla-Images/HorzScrollContainer' (0x1f0efd0) of type: BasicImage
22/10/2018 19:01:26 (Std) 	[ImageManager] Created image: 'Vanilla-Images/ScrollbarThumb' (0x1f0f3c0) of type: BasicImage
22/10/2018 19:01:26 (Std) 	[ImageManager] Created image: 'Vanilla-Images/ShadowBrush' (0x1f0f5d0) of type: BasicImage
22/10/2018 19:01:26 (Std) 	[ImageManager] Created image: 'Vanilla-Images/MouseArrow' (0x1f0f7e0) of type: BasicImage
22/10/2018 19:01:26 (Std) 	[ImageManager] Created image: 'Vanilla-Images/CheckboxNormal' (0x1f0f9f0) of type: BasicImage
22/10/2018 19:01:26 (Std) 	[ImageManager] Created image: 'Vanilla-Images/CheckboxHover' (0x1f0fc00) of type: BasicImage
22/10/2018 19:01:26 (Std) 	[ImageManager] Created image: 'Vanilla-Images/CheckboxMark' (0x1f0fe10) of type: BasicImage
22/10/2018 19:01:26 (Std) 	[ImageManager] Created image: 'Vanilla-Images/RadioButtonNormal' (0x1f101b0) of type: BasicImage
22/10/2018 19:01:26 (Std) 	[ImageManager] Created image: 'Vanilla-Images/RadioButtonHover' (0x1eac960) of type: BasicImage
22/10/2018 19:01:26 (Std) 	[ImageManager] Created image: 'Vanilla-Images/RadioButtonMark' (0x1f10660) of type: BasicImage
22/10/2018 19:01:26 (Std) 	[ImageManager] Created image: 'Vanilla-Images/SliderScrollUpArrow' (0x1f10870) of type: BasicImage
22/10/2018 19:01:26 (Std) 	[ImageManager] Created image: 'Vanilla-Images/SliderScrollDownArrow' (0x1f10bc0) of type: BasicImage
22/10/2018 19:01:26 (Std) 	[ImageManager] Created image: 'Vanilla-Images/SliderScrollLeftArrow' (0x1f10f10) of type: BasicImage
22/10/2018 19:01:26 (Std) 	[ImageManager] Created image: 'Vanilla-Images/SliderScrollRightArrow' (0x1f11260) of type: BasicImage
22/10/2018 19:01:26 (Std) 	[ImageManager] Created image: 'Vanilla-Images/VerticalImageSliderThumb' (0x1f115b0) of type: BasicImage
22/10/2018 19:01:26 (Std) 	[ImageManager] Created image: 'Vanilla-Images/HorizontalImageSliderThumb' (0x1f119d0) of type: BasicImage
22/10/2018 19:01:26 (Std) 	[ImageManager] Created image: 'Vanilla-Images/VerticalImageSliderContainer' (0x1f11ed0) of type: BasicImage
22/10/2018 19:01:26 (Std) 	[ImageManager] Created image: 'Vanilla-Images/HorizontalImageSliderContainer' (0x1f12320) of type: BasicImage
22/10/2018 19:01:26 (Std) 	[ImageManager] Created image: 'Vanilla-Images/DefaultScrollImage' (0x1f23030) of type: BasicImage
22/10/2018 19:01:26 (Std) 	[ImageManager] Created image: 'Vanilla-Images/VerticalImageSliderTopEnd' (0x1f128f0) of type: BasicImage
22/10/2018 19:01:26 (Std) 	[ImageManager] Created image: 'Vanilla-Images/VerticalImageSliderBottomEnd' (0x1f12c60) of type: BasicImage
22/10/2018 19:01:26 (Std) 	[ImageManager] Created image: 'Vanilla-Images/HorizontalImageSliderLeftEnd' (0x1f130b0) of type: BasicImage
22/10/2018 19:01:26 (Std) 	[ImageManager] Created image: 'Vanilla-Images/HorizontalImageSliderRightEnd' (0x1f13440) of type: BasicImage
22/10/2018 19:01:26 (Std) 	[ImageManager] Created image: 'Vanilla-Images/ColourPickerCursor' (0x1f137d0) of type: BasicImage
22/10/2018 19:01:26 (Std) 	[ImageManager] Created image: 'Vanilla-Images/TooltipBottomEdge' (0x1f13b90) of type: BasicImage
22/10/2018 19:01:26 (Std) 	[ImageManager] Created image: 'Vanilla-Images/TooltipBottomLeft' (0x1f13ec0) of type: BasicImage
22/10/2018 19:01:26 (Std) 	[ImageManager] Created image: 'Vanilla-Images/TooltipTopEdge' (0x1f141f0) of type: BasicImage
22/10/2018 19:01:26 (Std) 	[ImageManager] Created image: 'Vanilla-Images/TooltipTopRight' (0x1f14400) of type: BasicImage
22/10/2018 19:01:26 (Std) 	[ImageManager] Created image: 'Vanilla-Images/TooltipRightEdge' (0x1f14610) of type: BasicImage
22/10/2018 19:01:26 (Std) 	[ImageManager] Created image: 'Vanilla-Images/TooltipTopLeft' (0x1f14820) of type: BasicImage
22/10/2018 19:01:26 (Std) 	[ImageManager] Created image: 'Vanilla-Images/TooltipLeftEdge' (0x1f14a30) of type: BasicImage
22/10/2018 19:01:26 (Std) 	[ImageManager] Created image: 'Vanilla-Images/TooltipMiddle' (0x1f14c40) of type: BasicImage
22/10/2018 19:01:26 (Std) 	[ImageManager] Created image: 'Vanilla-Images/TooltipBottomRight' (0x1f14e50) of type: BasicImage
22/10/2018 19:01:26 (Std) 	[ImageManager] Created image: 'Vanilla-Images/DropDownButtonNormal' (0x1f15180) of type: BasicImage
22/10/2018 19:01:26 (Std) 	[ImageManager] Created image: 'Vanilla-Images/DropDownButtonHover' (0x1f15570) of type: BasicImage
22/10/2018 19:01:26 (Std) 	[ImageManager] Created image: 'Vanilla-Images/DropDownButtonPushed' (0x1f158c0) of type: BasicImage
22/10/2018 19:01:26 (Std) 	===== Falagard 'root' element: look and feel parsing begins =====
22/10/2018 19:01:26 (Std) 	===== Look and feel parsing completed =====
22/10/2018 19:01:26 (Std) 	No window renderer factories specified for module 'CEGUICoreWindowRendererSet' - adding all available factories...
22/10/2018 19:01:26 (Std) 	Created WindowRendererFactory for 'Core/Button' WindowRenderers.
22/10/2018 19:01:26 (Std) 	WindowRendererFactory 'Core/Button' added. (0x1f22dd0)
22/10/2018 19:01:26 (Std) 	Created WindowRendererFactory for 'Core/Default' WindowRenderers.
22/10/2018 19:01:26 (Std) 	WindowRendererFactory 'Core/Default' added. (0x1f221d0)
22/10/2018 19:01:26 (Std) 	Created WindowRendererFactory for 'Core/Editbox' WindowRenderers.
22/10/2018 19:01:26 (Std) 	WindowRendererFactory 'Core/Editbox' added. (0x1f22370)
22/10/2018 19:01:26 (Std) 	Created WindowRendererFactory for 'Core/FrameWindow' WindowRenderers.
22/10/2018 19:01:26 (Std) 	WindowRendererFactory 'Core/FrameWindow' added. (0x1eac720)
22/10/2018 19:01:26 (Std) 	Created WindowRendererFactory for 'Core/ItemEntry' WindowRenderers.
22/10/2018 19:01:26 (Std) 	WindowRendererFactory 'Core/ItemEntry' added. (0x204f9f0)
22/10/2018 19:01:26 (Std) 	Created WindowRendererFactory for 'Core/ListHeader' WindowRenderers.
22/10/2018 19:01:26 (Std) 	WindowRendererFactory 'Core/ListHeader' added. (0x204fb90)
22/10/2018 19:01:26 (Std) 	Created WindowRendererFactory for 'Core/ListHeaderSegment' WindowRenderers.
22/10/2018 19:01:26 (Std) 	WindowRendererFactory 'Core/ListHeaderSegment' added. (0x204fc50)
22/10/2018 19:01:26 (Std) 	Created WindowRendererFactory for 'Core/Listbox' WindowRenderers.
22/10/2018 19:01:26 (Std) 	WindowRendererFactory 'Core/Listbox' added. (0x2051010)
22/10/2018 19:01:26 (Std) 	Created WindowRendererFactory for 'Core/Menubar' WindowRenderers.
22/10/2018 19:01:26 (Std) 	WindowRendererFactory 'Core/Menubar' added. (0x1fa6440)
22/10/2018 19:01:26 (Std) 	Created WindowRendererFactory for 'Core/MenuItem' WindowRenderers.
22/10/2018 19:01:26 (Std) 	WindowRendererFactory 'Core/MenuItem' added. (0x1fa65e0)
22/10/2018 19:01:26 (Std) 	Created WindowRendererFactory for 'Core/MultiColumnList' WindowRenderers.
22/10/2018 19:01:26 (Std) 	WindowRendererFactory 'Core/MultiColumnList' added. (0x1fa6780)
22/10/2018 19:01:26 (Std) 	Created WindowRendererFactory for 'Core/MultiLineEditbox' WindowRenderers.
22/10/2018 19:01:26 (Std) 	WindowRendererFactory 'Core/MultiLineEditbox' added. (0x2050380)
22/10/2018 19:01:26 (Std) 	Created WindowRendererFactory for 'Core/PopupMenu' WindowRenderers.
22/10/2018 19:01:26 (Std) 	WindowRendererFactory 'Core/PopupMenu' added. (0x2050520)
22/10/2018 19:01:26 (Std) 	Created WindowRendererFactory for 'Core/ProgressBar' WindowRenderers.
22/10/2018 19:01:26 (Std) 	WindowRendererFactory 'Core/ProgressBar' added. (0x20506c0)
22/10/2018 19:01:26 (Std) 	Created WindowRendererFactory for 'Core/ScrollablePane' WindowRenderers.
22/10/2018 19:01:26 (Std) 	WindowRendererFactory 'Core/ScrollablePane' added. (0x205ea60)
22/10/2018 19:01:26 (Std) 	Created WindowRendererFactory for 'Core/Scrollbar' WindowRenderers.
22/10/2018 19:01:26 (Std) 	WindowRendererFactory 'Core/Scrollbar' added. (0x205ec00)
22/10/2018 19:01:26 (Std) 	Created WindowRendererFactory for 'Core/Slider' WindowRenderers.
22/10/2018 19:01:26 (Std) 	WindowRendererFactory 'Core/Slider' added. (0x205eda0)
22/10/2018 19:01:26 (Std) 	Created WindowRendererFactory for 'Core/Static' WindowRenderers.
22/10/2018 19:01:26 (Std) 	WindowRendererFactory 'Core/Static' added. (0x205f050)
22/10/2018 19:01:26 (Std) 	Created WindowRendererFactory for 'Core/StaticImage' WindowRenderers.
22/10/2018 19:01:26 (Std) 	WindowRendererFactory 'Core/StaticImage' added. (0x1f03aa0)
22/10/2018 19:01:26 (Std) 	Created WindowRendererFactory for 'Core/StaticText' WindowRenderers.
22/10/2018 19:01:26 (Std) 	WindowRendererFactory 'Core/StaticText' added. (0x1f03c40)
22/10/2018 19:01:26 (Std) 	Created WindowRendererFactory for 'Core/TabButton' WindowRenderers.
22/10/2018 19:01:26 (Std) 	WindowRendererFactory 'Core/TabButton' added. (0x1f03de0)
22/10/2018 19:01:26 (Std) 	Created WindowRendererFactory for 'Core/TabControl' WindowRenderers.
22/10/2018 19:01:26 (Std) 	WindowRendererFactory 'Core/TabControl' added. (0x1f03f80)
22/10/2018 19:01:26 (Std) 	Created WindowRendererFactory for 'Core/Titlebar' WindowRenderers.
22/10/2018 19:01:26 (Std) 	WindowRendererFactory 'Core/Titlebar' added. (0x1f04120)
22/10/2018 19:01:26 (Std) 	Created WindowRendererFactory for 'Core/ToggleButton' WindowRenderers.
22/10/2018 19:01:26 (Std) 	WindowRendererFactory 'Core/ToggleButton' added. (0x1f042c0)
22/10/2018 19:01:26 (Std) 	Created WindowRendererFactory for 'Core/Tooltip' WindowRenderers.
22/10/2018 19:01:26 (Std) 	WindowRendererFactory 'Core/Tooltip' added. (0x204ebd0)
22/10/2018 19:01:26 (Std) 	Created WindowRendererFactory for 'Core/ItemListbox' WindowRenderers.
22/10/2018 19:01:26 (Std) 	WindowRendererFactory 'Core/ItemListbox' added. (0x204ed70)
22/10/2018 19:01:26 (Std) 	Created WindowRendererFactory for 'Core/Tree' WindowRenderers.
22/10/2018 19:01:26 (Std) 	WindowRendererFactory 'Core/Tree' added. (0x204ef10)
22/10/2018 19:01:26 (Std) 	Creating falagard mapping for type 'Vanilla/Label' using base type 'DefaultWindow', window renderer 'Core/Default' Look'N'Feel 'Vanilla/Label' and RenderEffect ''. (0x7ffe1edf6b20)
22/10/2018 19:01:26 (Std) 	Creating falagard mapping for type 'Vanilla/Titlebar' using base type 'CEGUI/Titlebar', window renderer 'Core/Titlebar' Look'N'Feel 'Vanilla/Titlebar' and RenderEffect ''. (0x7ffe1edf6b20)
22/10/2018 19:01:26 (Std) 	Creating falagard mapping for type 'Vanilla/Button' using base type 'CEGUI/PushButton', window renderer 'Core/Button' Look'N'Feel 'Vanilla/Button' and RenderEffect ''. (0x7ffe1edf6b20)
22/10/2018 19:01:26 (Std) 	Creating falagard mapping for type 'Vanilla/FrameWindow' using base type 'CEGUI/FrameWindow', window renderer 'Core/FrameWindow' Look'N'Feel 'Vanilla/FrameWindow' and RenderEffect ''. (0x7ffe1edf6b20)
22/10/2018 19:01:26 (Std) 	Creating falagard mapping for type 'Vanilla/Editbox' using base type 'CEGUI/Editbox', window renderer 'Core/Editbox' Look'N'Feel 'Vanilla/Editbox' and RenderEffect ''. (0x7ffe1edf6b20)
22/10/2018 19:01:26 (Std) 	Creating falagard mapping for type 'Vanilla/VerticalScrollbarThumb' using base type 'CEGUI/Thumb', window renderer 'Core/Button' Look'N'Feel 'Vanilla/VerticalScrollbarThumb' and RenderEffect ''. (0x7ffe1edf6b20)
22/10/2018 19:01:26 (Std) 	Creating falagard mapping for type 'Vanilla/VerticalScrollbar' using base type 'CEGUI/Scrollbar', window renderer 'Core/Scrollbar' Look'N'Feel 'Vanilla/VerticalScrollbar' and RenderEffect ''. (0x7ffe1edf6b20)
22/10/2018 19:01:26 (Std) 	Creating falagard mapping for type 'Vanilla/HorizontalScrollbarThumb' using base type 'CEGUI/Thumb', window renderer 'Core/Button' Look'N'Feel 'Vanilla/HorizontalScrollbarThumb' and RenderEffect ''. (0x7ffe1edf6b20)
22/10/2018 19:01:26 (Std) 	Creating falagard mapping for type 'Vanilla/HorizontalScrollbar' using base type 'CEGUI/Scrollbar', window renderer 'Core/Scrollbar' Look'N'Feel 'Vanilla/HorizontalScrollbar' and RenderEffect ''. (0x7ffe1edf6b20)
22/10/2018 19:01:26 (Std) 	Creating falagard mapping for type 'Vanilla/StaticImage' using base type 'DefaultWindow', window renderer 'Core/StaticImage' Look'N'Feel 'Vanilla/StaticImage' and RenderEffect ''. (0x7ffe1edf6b20)
22/10/2018 19:01:26 (Std) 	Creating falagard mapping for type 'Vanilla/StaticText' using base type 'DefaultWindow', window renderer 'Core/StaticText' Look'N'Feel 'Vanilla/StaticText' and RenderEffect ''. (0x7ffe1edf6b20)
22/10/2018 19:01:26 (Std) 	Creating falagard mapping for type 'Vanilla/Listbox' using base type 'CEGUI/Listbox', window renderer 'Core/Listbox' Look'N'Feel 'Vanilla/Listbox' and RenderEffect ''. (0x7ffe1edf6b20)
22/10/2018 19:01:26 (Std) 	Creating falagard mapping for type 'Vanilla/MultiLineEditbox' using base type 'CEGUI/MultiLineEditbox', window renderer 'Core/MultiLineEditbox' Look'N'Feel 'Vanilla/MultiLineEditbox' and RenderEffect ''. (0x7ffe1edf6b20)
22/10/2018 19:01:26 (Std) 	Creating falagard mapping for type 'Vanilla/ComboDropList' using base type 'CEGUI/ComboDropList', window renderer 'Core/Listbox' Look'N'Feel 'Vanilla/ComboDropList' and RenderEffect ''. (0x7ffe1edf6b20)
22/10/2018 19:01:26 (Std) 	Creating falagard mapping for type 'Vanilla/Combobox' using base type 'CEGUI/Combobox', window renderer 'Core/Default' Look'N'Feel 'Vanilla/Combobox' and RenderEffect ''. (0x7ffe1edf6b20)
22/10/2018 19:01:26 (Std) 	Creating falagard mapping for type 'Vanilla/ProgressBar' using base type 'CEGUI/ProgressBar', window renderer 'Core/ProgressBar' Look'N'Feel 'Vanilla/ProgressBar' and RenderEffect ''. (0x7ffe1edf6b20)
22/10/2018 19:01:26 (Std) 	Creating falagard mapping for type 'Vanilla/Checkbox' using base type 'CEGUI/ToggleButton', window renderer 'Core/ToggleButton' Look'N'Feel 'Vanilla/Checkbox' and RenderEffect ''. (0x7ffe1edf6b20)
22/10/2018 19:01:26 (Std) 	Creating falagard mapping for type 'Vanilla/RadioButton' using base type 'CEGUI/RadioButton', window renderer 'Core/ToggleButton' Look'N'Feel 'Vanilla/RadioButton' and RenderEffect ''. (0x7ffe1edf6b20)
22/10/2018 19:01:26 (Std) 	Creating falagard mapping for type 'Vanilla/Tooltip' using base type 'CEGUI/Tooltip', window renderer 'Core/Tooltip' Look'N'Feel 'Vanilla/Tooltip' and RenderEffect ''. (0x7ffe1edf6b20)
22/10/2018 19:01:26 (Std) 	[OgreRenderer] Created texture: _ogre_tt_tex_0
22/10/2018 19:01:26 (Error)	CEGUI::UnknownObjectException in function 'T& CEGUI::NamedXMLResourceManager<T, U>::get(const CEGUI::String&) const [with T = CEGUI::Font; U = CEGUI::Font_xmlHandler]' (/var/local/pkn/cegui-0.8.7/cegui/include/CEGUI/NamedXMLResourceManager.h:346) : No object of type 'Font' named 'DejaVuSans-12' is present in the collection.
22/10/2018 19:01:26 (Std) 	---- Successfully completed loading of GUI layout from 'menu.layout' ----
22/10/2018 19:01:26 (Std) 	[OgreRenderer] Created texture: DejaVuSans-12_auto_glyph_images_32
22/10/2018 19:01:29 (Std) 	---- Begining CEGUI System destruction ----
22/10/2018 19:01:29 (Std) 	[OgreRenderer] Destroyed texture: _ogre_tt_tex_0
22/10/2018 19:01:29 (Std) 	WindowFactory for 'CEGUI/Tree' windows removed. (0x1f03130)
22/10/2018 19:01:29 (Std) 	Deleted WindowFactory for 'CEGUI/Tree' windows.
22/10/2018 19:01:29 (Std) 	WindowFactory for 'LayoutCell' windows removed. (0x1f255a0)
22/10/2018 19:01:29 (Std) 	Deleted WindowFactory for 'LayoutCell' windows.
22/10/2018 19:01:29 (Std) 	WindowFactory for 'CEGUI/Thumb' windows removed. (0x1f02770)
22/10/2018 19:01:29 (Std) 	Deleted WindowFactory for 'CEGUI/Thumb' windows.
22/10/2018 19:01:29 (Std) 	WindowFactory for 'CEGUI/Slider' windows removed. (0x1f020f0)
22/10/2018 19:01:29 (Std) 	Deleted WindowFactory for 'CEGUI/Slider' windows.
22/10/2018 19:01:29 (Std) 	WindowFactory for 'CEGUI/Editbox' windows removed. (0x1f24700)
22/10/2018 19:01:29 (Std) 	Deleted WindowFactory for 'CEGUI/Editbox' windows.
22/10/2018 19:01:29 (Std) 	WindowFactory for 'CEGUI/Listbox' windows removed. (0x1f24be0)
22/10/2018 19:01:29 (Std) 	Deleted WindowFactory for 'CEGUI/Listbox' windows.
22/10/2018 19:01:29 (Std) 	WindowFactory for 'CEGUI/Menubar' windows removed. (0x1f250c0)
22/10/2018 19:01:29 (Std) 	Deleted WindowFactory for 'CEGUI/Menubar' windows.
22/10/2018 19:01:29 (Std) 	WindowFactory for 'CEGUI/Spinner' windows removed. (0x1f02290)
22/10/2018 19:01:29 (Std) 	Deleted WindowFactory for 'CEGUI/Spinner' windows.
22/10/2018 19:01:29 (Std) 	WindowFactory for 'CEGUI/Tooltip' windows removed. (0x1f02c50)
22/10/2018 19:01:29 (Std) 	Deleted WindowFactory for 'CEGUI/Tooltip' windows.
22/10/2018 19:01:29 (Std) 	WindowFactory for 'DefaultWindow' windows removed. (0x1f23990)
22/10/2018 19:01:29 (Std) 	Deleted WindowFactory for 'DefaultWindow' windows.
22/10/2018 19:01:29 (Std) 	WindowFactory for 'DragContainer' windows removed. (0x1f23ba0)
22/10/2018 19:01:29 (Std) 	Deleted WindowFactory for 'DragContainer' windows.
22/10/2018 19:01:29 (Std) 	WindowFactory for 'CEGUI/Combobox' windows removed. (0x1f243c0)
22/10/2018 19:01:29 (Std) 	Deleted WindowFactory for 'CEGUI/Combobox' windows.
22/10/2018 19:01:29 (Std) 	WindowFactory for 'CEGUI/GroupBox' windows removed. (0x1f02f90)
22/10/2018 19:01:29 (Std) 	Deleted WindowFactory for 'CEGUI/GroupBox' windows.
22/10/2018 19:01:29 (Std) 	WindowFactory for 'CEGUI/MenuItem' windows removed. (0x1f25400)
22/10/2018 19:01:29 (Std) 	Deleted WindowFactory for 'CEGUI/MenuItem' windows.
22/10/2018 19:01:29 (Std) 	WindowFactory for 'CEGUI/Titlebar' windows removed. (0x1f02910)
22/10/2018 19:01:29 (Std) 	Deleted WindowFactory for 'CEGUI/Titlebar' windows.
22/10/2018 19:01:29 (Std) 	WindowFactory for 'CEGUI/ItemEntry' windows removed. (0x1f24a40)
22/10/2018 19:01:29 (Std) 	Deleted WindowFactory for 'CEGUI/ItemEntry' windows.
22/10/2018 19:01:29 (Std) 	WindowFactory for 'CEGUI/PopupMenu' windows removed. (0x1f25260)
22/10/2018 19:01:29 (Std) 	Deleted WindowFactory for 'CEGUI/PopupMenu' windows.
22/10/2018 19:01:29 (Std) 	WindowFactory for 'CEGUI/Scrollbar' windows removed. (0x1f01f50)
22/10/2018 19:01:29 (Std) 	Deleted WindowFactory for 'CEGUI/Scrollbar' windows.
22/10/2018 19:01:29 (Std) 	WindowFactory for 'CEGUI/TabButton' windows removed. (0x1f02430)
22/10/2018 19:01:29 (Std) 	Deleted WindowFactory for 'CEGUI/TabButton' windows.
22/10/2018 19:01:29 (Std) 	WindowFactory for 'CEGUI/ListHeader' windows removed. (0x1f24d80)
22/10/2018 19:01:29 (Std) 	Deleted WindowFactory for 'CEGUI/ListHeader' windows.
22/10/2018 19:01:29 (Std) 	WindowFactory for 'CEGUI/PushButton' windows removed. (0x1f24080)
22/10/2018 19:01:29 (Std) 	Deleted WindowFactory for 'CEGUI/PushButton' windows.
22/10/2018 19:01:29 (Std) 	WindowFactory for 'CEGUI/TabControl' windows removed. (0x1f025d0)
22/10/2018 19:01:29 (Std) 	Deleted WindowFactory for 'CEGUI/TabControl' windows.
22/10/2018 19:01:29 (Std) 	WindowFactory for 'ClippedContainer' windows removed. (0x1f23ee0)
22/10/2018 19:01:29 (Std) 	Deleted WindowFactory for 'ClippedContainer' windows.
22/10/2018 19:01:29 (Std) 	WindowFactory for 'CEGUI/FrameWindow' windows removed. (0x1f248a0)
22/10/2018 19:01:29 (Std) 	Deleted WindowFactory for 'CEGUI/FrameWindow' windows.
22/10/2018 19:01:29 (Std) 	WindowFactory for 'CEGUI/ItemListbox' windows removed. (0x1f02df0)
22/10/2018 19:01:29 (Std) 	Deleted WindowFactory for 'CEGUI/ItemListbox' windows.
22/10/2018 19:01:29 (Std) 	WindowFactory for 'CEGUI/ProgressBar' windows removed. (0x1f259f0)
22/10/2018 19:01:29 (Std) 	Deleted WindowFactory for 'CEGUI/ProgressBar' windows.
22/10/2018 19:01:29 (Std) 	WindowFactory for 'CEGUI/RadioButton' windows removed. (0x1f24220)
22/10/2018 19:01:29 (Std) 	Deleted WindowFactory for 'CEGUI/RadioButton' windows.
22/10/2018 19:01:29 (Std) 	WindowFactory for 'ScrolledContainer' windows removed. (0x1f23d40)
22/10/2018 19:01:29 (Std) 	Deleted WindowFactory for 'ScrolledContainer' windows.
22/10/2018 19:01:29 (Std) 	WindowFactory for 'CEGUI/ToggleButton' windows removed. (0x1f02ab0)
22/10/2018 19:01:29 (Std) 	Deleted WindowFactory for 'CEGUI/ToggleButton' windows.
22/10/2018 19:01:29 (Std) 	WindowFactory for 'CEGUI/ComboDropList' windows removed. (0x1f24560)
22/10/2018 19:01:29 (Std) 	Deleted WindowFactory for 'CEGUI/ComboDropList' windows.
22/10/2018 19:01:29 (Std) 	WindowFactory for 'GridLayoutContainer' windows removed. (0x1f03900)
22/10/2018 19:01:29 (Std) 	Deleted WindowFactory for 'GridLayoutContainer' windows.
22/10/2018 19:01:29 (Std) 	WindowFactory for 'CEGUI/ScrollablePane' windows removed. (0x1f01db0)
22/10/2018 19:01:29 (Std) 	Deleted WindowFactory for 'CEGUI/ScrollablePane' windows.
22/10/2018 19:01:29 (Std) 	WindowFactory for 'CEGUI/MultiColumnList' windows removed. (0x1f256b0)
22/10/2018 19:01:29 (Std) 	Deleted WindowFactory for 'CEGUI/MultiColumnList' windows.
22/10/2018 19:01:29 (Std) 	WindowFactory for 'CEGUI/MultiLineEditbox' windows removed. (0x1f25850)
22/10/2018 19:01:29 (Std) 	Deleted WindowFactory for 'CEGUI/MultiLineEditbox' windows.
22/10/2018 19:01:29 (Std) 	WindowFactory for 'CEGUI/ListHeaderSegment' windows removed. (0x1f24f20)
22/10/2018 19:01:29 (Std) 	Deleted WindowFactory for 'CEGUI/ListHeaderSegment' windows.
22/10/2018 19:01:29 (Std) 	WindowFactory for 'VerticalLayoutContainer' windows removed. (0x1f03760)
22/10/2018 19:01:29 (Std) 	Deleted WindowFactory for 'VerticalLayoutContainer' windows.
22/10/2018 19:01:29 (Std) 	WindowFactory for 'HorizontalLayoutContainer' windows removed. (0x1f035c0)
22/10/2018 19:01:29 (Std) 	Deleted WindowFactory for 'HorizontalLayoutContainer' windows.
22/10/2018 19:01:29 (Std) 	---- Begining cleanup of GUI Scheme system ----
22/10/2018 19:01:29 (Std) 	WindowRendererFactory for 'Core/Button' WindowRenderers removed. (0x1f22dd0)
22/10/2018 19:01:29 (Std) 	Deleted WindowRendererFactory for 'Core/Button' WindowRenderers.
22/10/2018 19:01:29 (Std) 	WindowRendererFactory for 'Core/Default' WindowRenderers removed. (0x1f221d0)
22/10/2018 19:01:29 (Std) 	Deleted WindowRendererFactory for 'Core/Default' WindowRenderers.
22/10/2018 19:01:29 (Std) 	WindowRendererFactory for 'Core/Editbox' WindowRenderers removed. (0x1f22370)
22/10/2018 19:01:29 (Std) 	Deleted WindowRendererFactory for 'Core/Editbox' WindowRenderers.
22/10/2018 19:01:29 (Std) 	WindowRendererFactory for 'Core/FrameWindow' WindowRenderers removed. (0x1eac720)
22/10/2018 19:01:29 (Std) 	Deleted WindowRendererFactory for 'Core/FrameWindow' WindowRenderers.
22/10/2018 19:01:29 (Std) 	WindowRendererFactory for 'Core/ItemEntry' WindowRenderers removed. (0x204f9f0)
22/10/2018 19:01:29 (Std) 	Deleted WindowRendererFactory for 'Core/ItemEntry' WindowRenderers.
22/10/2018 19:01:29 (Std) 	WindowRendererFactory for 'Core/ListHeader' WindowRenderers removed. (0x204fb90)
22/10/2018 19:01:29 (Std) 	Deleted WindowRendererFactory for 'Core/ListHeader' WindowRenderers.
22/10/2018 19:01:29 (Std) 	WindowRendererFactory for 'Core/ListHeaderSegment' WindowRenderers removed. (0x204fc50)
22/10/2018 19:01:29 (Std) 	Deleted WindowRendererFactory for 'Core/ListHeaderSegment' WindowRenderers.
22/10/2018 19:01:29 (Std) 	WindowRendererFactory for 'Core/Listbox' WindowRenderers removed. (0x2051010)
22/10/2018 19:01:29 (Std) 	Deleted WindowRendererFactory for 'Core/Listbox' WindowRenderers.
22/10/2018 19:01:29 (Std) 	WindowRendererFactory for 'Core/Menubar' WindowRenderers removed. (0x1fa6440)
22/10/2018 19:01:29 (Std) 	Deleted WindowRendererFactory for 'Core/Menubar' WindowRenderers.
22/10/2018 19:01:29 (Std) 	WindowRendererFactory for 'Core/MenuItem' WindowRenderers removed. (0x1fa65e0)
22/10/2018 19:01:29 (Std) 	Deleted WindowRendererFactory for 'Core/MenuItem' WindowRenderers.
22/10/2018 19:01:29 (Std) 	WindowRendererFactory for 'Core/MultiColumnList' WindowRenderers removed. (0x1fa6780)
22/10/2018 19:01:29 (Std) 	Deleted WindowRendererFactory for 'Core/MultiColumnList' WindowRenderers.
22/10/2018 19:01:29 (Std) 	WindowRendererFactory for 'Core/MultiLineEditbox' WindowRenderers removed. (0x2050380)
22/10/2018 19:01:29 (Std) 	Deleted WindowRendererFactory for 'Core/MultiLineEditbox' WindowRenderers.
22/10/2018 19:01:29 (Std) 	WindowRendererFactory for 'Core/PopupMenu' WindowRenderers removed. (0x2050520)
22/10/2018 19:01:29 (Std) 	Deleted WindowRendererFactory for 'Core/PopupMenu' WindowRenderers.
22/10/2018 19:01:29 (Std) 	WindowRendererFactory for 'Core/ProgressBar' WindowRenderers removed. (0x20506c0)
22/10/2018 19:01:29 (Std) 	Deleted WindowRendererFactory for 'Core/ProgressBar' WindowRenderers.
22/10/2018 19:01:29 (Std) 	WindowRendererFactory for 'Core/ScrollablePane' WindowRenderers removed. (0x205ea60)
22/10/2018 19:01:29 (Std) 	Deleted WindowRendererFactory for 'Core/ScrollablePane' WindowRenderers.
22/10/2018 19:01:29 (Std) 	WindowRendererFactory for 'Core/Scrollbar' WindowRenderers removed. (0x205ec00)
22/10/2018 19:01:29 (Std) 	Deleted WindowRendererFactory for 'Core/Scrollbar' WindowRenderers.
22/10/2018 19:01:29 (Std) 	WindowRendererFactory for 'Core/Slider' WindowRenderers removed. (0x205eda0)
22/10/2018 19:01:29 (Std) 	Deleted WindowRendererFactory for 'Core/Slider' WindowRenderers.
22/10/2018 19:01:29 (Std) 	WindowRendererFactory for 'Core/Static' WindowRenderers removed. (0x205f050)
22/10/2018 19:01:29 (Std) 	Deleted WindowRendererFactory for 'Core/Static' WindowRenderers.
22/10/2018 19:01:29 (Std) 	WindowRendererFactory for 'Core/StaticImage' WindowRenderers removed. (0x1f03aa0)
22/10/2018 19:01:29 (Std) 	Deleted WindowRendererFactory for 'Core/StaticImage' WindowRenderers.
22/10/2018 19:01:29 (Std) 	WindowRendererFactory for 'Core/StaticText' WindowRenderers removed. (0x1f03c40)
22/10/2018 19:01:29 (Std) 	Deleted WindowRendererFactory for 'Core/StaticText' WindowRenderers.
22/10/2018 19:01:29 (Std) 	WindowRendererFactory for 'Core/TabButton' WindowRenderers removed. (0x1f03de0)
22/10/2018 19:01:29 (Std) 	Deleted WindowRendererFactory for 'Core/TabButton' WindowRenderers.
22/10/2018 19:01:29 (Std) 	WindowRendererFactory for 'Core/TabControl' WindowRenderers removed. (0x1f03f80)
22/10/2018 19:01:29 (Std) 	Deleted WindowRendererFactory for 'Core/TabControl' WindowRenderers.
22/10/2018 19:01:29 (Std) 	WindowRendererFactory for 'Core/Titlebar' WindowRenderers removed. (0x1f04120)
22/10/2018 19:01:29 (Std) 	Deleted WindowRendererFactory for 'Core/Titlebar' WindowRenderers.
22/10/2018 19:01:29 (Std) 	WindowRendererFactory for 'Core/ToggleButton' WindowRenderers removed. (0x1f042c0)
22/10/2018 19:01:29 (Std) 	Deleted WindowRendererFactory for 'Core/ToggleButton' WindowRenderers.
22/10/2018 19:01:29 (Std) 	WindowRendererFactory for 'Core/Tooltip' WindowRenderers removed. (0x204ebd0)
22/10/2018 19:01:29 (Std) 	Deleted WindowRendererFactory for 'Core/Tooltip' WindowRenderers.
22/10/2018 19:01:29 (Std) 	WindowRendererFactory for 'Core/ItemListbox' WindowRenderers removed. (0x204ed70)
22/10/2018 19:01:29 (Std) 	Deleted WindowRendererFactory for 'Core/ItemListbox' WindowRenderers.
22/10/2018 19:01:29 (Std) 	WindowRendererFactory for 'Core/Tree' WindowRenderers removed. (0x204ef10)
22/10/2018 19:01:29 (Std) 	Deleted WindowRendererFactory for 'Core/Tree' WindowRenderers.
22/10/2018 19:01:29 (Std) 	CEGUI::SchemeManager singleton destroyed. (0x1ef6860)
22/10/2018 19:01:29 (Std) 	CEGUI::WindowManager singleton destroyed (0x1eaa130)
22/10/2018 19:01:29 (Std) 	CEGUI::WindowFactoryManager singleton destroyed
22/10/2018 19:01:29 (Std) 	CEGUI::WidgetLookManager singleton destroyed. (0x1f0ce60)
22/10/2018 19:01:29 (Std) 	CEGUI::WindowRendererManager singleton destroyed (0x1ef6a50)
22/10/2018 19:01:29 (Std) 	CEGUI::AnimationManager singleton destroyed (0x1ef6990)
22/10/2018 19:01:29 (Std) 	CEGUI::RenderEffectManager singleton destroyed (0x1eff650)
22/10/2018 19:01:29 (Std) 	---- Begining cleanup of Font system ----
22/10/2018 19:01:29 (Std) 	[OgreRenderer] Destroyed texture: DejaVuSans-12_auto_glyph_images_32
22/10/2018 19:01:29 (Std) 	CEGUI::FontManager singleton destroyed. (0x1e97a20)
22/10/2018 19:01:29 (Std) 	[ImageManager] Deleted image: Vanilla-Images/FrameTop
22/10/2018 19:01:29 (Std) 	[ImageManager] Deleted image: Vanilla-Images/FrameLeft
22/10/2018 19:01:29 (Std) 	[ImageManager] Deleted image: Vanilla-Images/FrameRight
22/10/2018 19:01:29 (Std) 	[ImageManager] Deleted image: Vanilla-Images/MouseArrow
22/10/2018 19:01:29 (Std) 	[ImageManager] Deleted image: Vanilla-Images/FrameBottom
22/10/2018 19:01:29 (Std) 	[ImageManager] Deleted image: Vanilla-Images/ShadowBrush
22/10/2018 19:01:29 (Std) 	[ImageManager] Deleted image: Vanilla-Images/CheckboxMark
22/10/2018 19:01:29 (Std) 	[ImageManager] Deleted image: Vanilla-Images/FrameTopLeft
22/10/2018 19:01:29 (Std) 	[ImageManager] Deleted image: Vanilla-Images/GenericBrush
22/10/2018 19:01:29 (Std) 	[ImageManager] Deleted image: Vanilla-Images/CheckboxHover
22/10/2018 19:01:29 (Std) 	[ImageManager] Deleted image: Vanilla-Images/FrameTopRight
22/10/2018 19:01:29 (Std) 	[ImageManager] Deleted image: Vanilla-Images/ScrollUpArrow
22/10/2018 19:01:29 (Std) 	[ImageManager] Deleted image: Vanilla-Images/TooltipMiddle
22/10/2018 19:01:29 (Std) 	[ImageManager] Deleted image: Vanilla-Images/CheckboxNormal
22/10/2018 19:01:29 (Std) 	[ImageManager] Deleted image: Vanilla-Images/ScrollbarThumb
22/10/2018 19:01:29 (Std) 	[ImageManager] Deleted image: Vanilla-Images/TooltipTopEdge
22/10/2018 19:01:29 (Std) 	[ImageManager] Deleted image: Vanilla-Images/TooltipTopLeft
22/10/2018 19:01:29 (Std) 	[ImageManager] Deleted image: Vanilla-Images/FrameBottomLeft
22/10/2018 19:01:29 (Std) 	[ImageManager] Deleted image: Vanilla-Images/RadioButtonMark
22/10/2018 19:01:29 (Std) 	[ImageManager] Deleted image: Vanilla-Images/ScrollDownArrow
22/10/2018 19:01:29 (Std) 	[ImageManager] Deleted image: Vanilla-Images/ScrollLeftArrow
22/10/2018 19:01:29 (Std) 	[ImageManager] Deleted image: Vanilla-Images/TooltipLeftEdge
22/10/2018 19:01:29 (Std) 	[ImageManager] Deleted image: Vanilla-Images/TooltipTopRight
22/10/2018 19:01:29 (Std) 	[ImageManager] Deleted image: Vanilla-Images/FrameBottomRight
22/10/2018 19:01:29 (Std) 	[ImageManager] Deleted image: Vanilla-Images/RadioButtonHover
22/10/2018 19:01:29 (Std) 	[ImageManager] Deleted image: Vanilla-Images/ScrollRightArrow
22/10/2018 19:01:29 (Std) 	[ImageManager] Deleted image: Vanilla-Images/TooltipRightEdge
22/10/2018 19:01:29 (Std) 	[ImageManager] Deleted image: Vanilla-Images/RadioButtonNormal
22/10/2018 19:01:29 (Std) 	[ImageManager] Deleted image: Vanilla-Images/TooltipBottomEdge
22/10/2018 19:01:29 (Std) 	[ImageManager] Deleted image: Vanilla-Images/TooltipBottomLeft
22/10/2018 19:01:29 (Std) 	[ImageManager] Deleted image: Vanilla-Images/ColourPickerCursor
22/10/2018 19:01:29 (Std) 	[ImageManager] Deleted image: Vanilla-Images/DefaultScrollImage
22/10/2018 19:01:29 (Std) 	[ImageManager] Deleted image: Vanilla-Images/TooltipBottomRight
22/10/2018 19:01:29 (Std) 	[ImageManager] Deleted image: Vanilla-Images/DropDownButtonHover
22/10/2018 19:01:29 (Std) 	[ImageManager] Deleted image: Vanilla-Images/HorzScrollContainer
22/10/2018 19:01:29 (Std) 	[ImageManager] Deleted image: Vanilla-Images/SliderScrollUpArrow
22/10/2018 19:01:29 (Std) 	[ImageManager] Deleted image: Vanilla-Images/VertScrollContainer
22/10/2018 19:01:29 (Std) 	[ImageManager] Deleted image: Vanilla-Images/DropDownButtonNormal
22/10/2018 19:01:29 (Std) 	[ImageManager] Deleted image: Vanilla-Images/DropDownButtonPushed
22/10/2018 19:01:29 (Std) 	[ImageManager] Deleted image: Vanilla-Images/SliderScrollDownArrow
22/10/2018 19:01:29 (Std) 	[ImageManager] Deleted image: Vanilla-Images/SliderScrollLeftArrow
22/10/2018 19:01:29 (Std) 	[ImageManager] Deleted image: Vanilla-Images/SliderScrollRightArrow
22/10/2018 19:01:29 (Std) 	[ImageManager] Deleted image: Vanilla-Images/VerticalImageSliderThumb
22/10/2018 19:01:29 (Std) 	[ImageManager] Deleted image: Vanilla-Images/VerticalImageSliderTopEnd
22/10/2018 19:01:29 (Std) 	[ImageManager] Deleted image: Vanilla-Images/HorizontalImageSliderThumb
22/10/2018 19:01:29 (Std) 	[ImageManager] Deleted image: Vanilla-Images/HorizontalImageSliderLeftEnd
22/10/2018 19:01:29 (Std) 	[ImageManager] Deleted image: Vanilla-Images/VerticalImageSliderBottomEnd
22/10/2018 19:01:29 (Std) 	[ImageManager] Deleted image: Vanilla-Images/VerticalImageSliderContainer
22/10/2018 19:01:29 (Std) 	[ImageManager] Deleted image: Vanilla-Images/HorizontalImageSliderRightEnd
22/10/2018 19:01:29 (Std) 	[ImageManager] Deleted image: Vanilla-Images/HorizontalImageSliderContainer
22/10/2018 19:01:29 (Std) 	[CEGUI::ImageManager] Unregistered Image type: BasicImage
22/10/2018 19:01:29 (Std) 	[CEGUI::ImageManager] Singleton destroyed (0x1e98370)
22/10/2018 19:01:29 (Std) 	CEGUI::GlobalEventSet singleton destroyed. (0x1e93ac0)
22/10/2018 19:01:29 (Std) 	CEGUI::System singleton destroyed. (0x1f177f0)
22/10/2018 19:01:29 (Std) 	---- CEGUI System destruction completed ----
22/10/2018 19:01:29 (Std) 	CEGUI::Logger singleton destroyed. (0x1eaaa40)
