This file contains any messages produced by compilers while
running configure, to aid debugging if configure makes a mistake.

It was created by configure, which was
generated by GNU Autoconf 2.69.  Invocation command line was

  $ ./configure 

## --------- ##
## Platform. ##
## --------- ##

hostname = katydid
uname -m = x86_64
uname -r = 4.4.0-137-generic
uname -s = Linux
uname -v = #163-Ubuntu SMP Mon Sep 24 13:14:43 UTC 2018

/usr/bin/uname -p = unknown
/bin/uname -X     = unknown

/bin/arch              = unknown
/usr/bin/arch -k       = unknown
/usr/convex/getsysinfo = unknown
/usr/bin/hostinfo      = unknown
/bin/machine           = unknown
/usr/bin/oslevel       = unknown
/bin/universe          = unknown

PATH: /lusr/bin
PATH: /sbin
PATH: /bin
PATH: /usr/sbin
PATH: /usr/bin
PATH: /usr/games
PATH: /usr/bin/mh
PATH: /lusr/share/hosts
PATH: /lusr/bin/tex
PATH: /lusr/games/bin
PATH: /lusr/opt/condor/bin
PATH: .


## ----------- ##
## Core tests. ##
## ----------- ##

configure:2364: checking for a BSD-compatible install
configure:2432: result: /usr/bin/install -c
configure:2443: checking whether build environment is sane
configure:2498: result: yes
configure:2649: checking for a thread-safe mkdir -p
configure:2688: result: /bin/mkdir -p
configure:2695: checking for gawk
configure:2711: found /usr/bin/gawk
configure:2722: result: gawk
configure:2733: checking whether make sets $(MAKE)
configure:2755: result: yes
configure:2784: checking whether make supports nested variables
configure:2801: result: yes
configure:2996: checking for g++
configure:3012: found /usr/bin/g++
configure:3023: result: g++
configure:3050: checking for C++ compiler version
configure:3059: g++ --version >&5
g++ (Ubuntu 5.4.0-6ubuntu1~16.04.10) 5.4.0 20160609
Copyright (C) 2015 Free Software Foundation, Inc.
This is free software; see the source for copying conditions.  There is NO
warranty; not even for MERCHANTABILITY or FITNESS FOR A PARTICULAR PURPOSE.

configure:3070: $? = 0
configure:3059: g++ -v >&5
Using built-in specs.
COLLECT_GCC=g++
COLLECT_LTO_WRAPPER=/usr/lib/gcc/x86_64-linux-gnu/5/lto-wrapper
Target: x86_64-linux-gnu
Configured with: ../src/configure -v --with-pkgversion='Ubuntu 5.4.0-6ubuntu1~16.04.10' --with-bugurl=file:///usr/share/doc/gcc-5/README.Bugs --enable-languages=c,ada,c++,java,go,d,fortran,objc,obj-c++ --prefix=/usr --program-suffix=-5 --enable-shared --enable-linker-build-id --libexecdir=/usr/lib --without-included-gettext --enable-threads=posix --libdir=/usr/lib --enable-nls --with-sysroot=/ --enable-clocale=gnu --enable-libstdcxx-debug --enable-libstdcxx-time=yes --with-default-libstdcxx-abi=new --enable-gnu-unique-object --disable-vtable-verify --enable-libmpx --enable-plugin --with-system-zlib --disable-browser-plugin --enable-java-awt=gtk --enable-gtk-cairo --with-java-home=/usr/lib/jvm/java-1.5.0-gcj-5-amd64/jre --enable-java-home --with-jvm-root-dir=/usr/lib/jvm/java-1.5.0-gcj-5-amd64 --with-jvm-jar-dir=/usr/lib/jvm-exports/java-1.5.0-gcj-5-amd64 --with-arch-directory=amd64 --with-ecj-jar=/usr/share/java/eclipse-ecj.jar --enable-objc-gc --enable-multiarch --disable-werror --with-arch-32=i686 --with-abi=m64 --with-multilib-list=m32,m64,mx32 --enable-multilib --with-tune=generic --enable-checking=release --build=x86_64-linux-gnu --host=x86_64-linux-gnu --target=x86_64-linux-gnu
Thread model: posix
gcc version 5.4.0 20160609 (Ubuntu 5.4.0-6ubuntu1~16.04.10) 
configure:3070: $? = 0
configure:3059: g++ -V >&5
g++: error: unrecognized command line option '-V'
g++: fatal error: no input files
compilation terminated.
configure:3070: $? = 1
configure:3059: g++ -qversion >&5
g++: error: unrecognized command line option '-qversion'
g++: fatal error: no input files
compilation terminated.
configure:3070: $? = 1
configure:3090: checking whether the C++ compiler works
configure:3112: g++    conftest.cpp  >&5
configure:3116: $? = 0
configure:3164: result: yes
configure:3167: checking for C++ compiler default output file name
configure:3169: result: a.out
configure:3175: checking for suffix of executables
configure:3182: g++ -o conftest    conftest.cpp  >&5
configure:3186: $? = 0
configure:3208: result: 
configure:3230: checking whether we are cross compiling
configure:3238: g++ -o conftest    conftest.cpp  >&5
configure:3242: $? = 0
configure:3249: ./conftest
configure:3253: $? = 0
configure:3268: result: no
configure:3273: checking for suffix of object files
configure:3295: g++ -c   conftest.cpp >&5
configure:3299: $? = 0
configure:3320: result: o
configure:3324: checking whether we are using the GNU C++ compiler
configure:3343: g++ -c   conftest.cpp >&5
configure:3343: $? = 0
configure:3352: result: yes
configure:3361: checking whether g++ accepts -g
configure:3381: g++ -c -g  conftest.cpp >&5
configure:3381: $? = 0
configure:3422: result: yes
configure:3456: checking for style of include used by make
configure:3484: result: GNU
configure:3510: checking dependency style of g++
configure:3621: result: gcc3
configure:3665: checking build system type
configure:3679: result: x86_64-pc-linux-gnu
configure:3699: checking host system type
configure:3712: result: x86_64-pc-linux-gnu
configure:3753: checking how to print strings
configure:3780: result: printf
configure:3849: checking for gcc
configure:3865: found /usr/bin/gcc
configure:3876: result: gcc
configure:4105: checking for C compiler version
configure:4114: gcc --version >&5
gcc (Ubuntu 5.4.0-6ubuntu1~16.04.10) 5.4.0 20160609
Copyright (C) 2015 Free Software Foundation, Inc.
This is free software; see the source for copying conditions.  There is NO
warranty; not even for MERCHANTABILITY or FITNESS FOR A PARTICULAR PURPOSE.

configure:4125: $? = 0
configure:4114: gcc -v >&5
Using built-in specs.
COLLECT_GCC=gcc
COLLECT_LTO_WRAPPER=/usr/lib/gcc/x86_64-linux-gnu/5/lto-wrapper
Target: x86_64-linux-gnu
Configured with: ../src/configure -v --with-pkgversion='Ubuntu 5.4.0-6ubuntu1~16.04.10' --with-bugurl=file:///usr/share/doc/gcc-5/README.Bugs --enable-languages=c,ada,c++,java,go,d,fortran,objc,obj-c++ --prefix=/usr --program-suffix=-5 --enable-shared --enable-linker-build-id --libexecdir=/usr/lib --without-included-gettext --enable-threads=posix --libdir=/usr/lib --enable-nls --with-sysroot=/ --enable-clocale=gnu --enable-libstdcxx-debug --enable-libstdcxx-time=yes --with-default-libstdcxx-abi=new --enable-gnu-unique-object --disable-vtable-verify --enable-libmpx --enable-plugin --with-system-zlib --disable-browser-plugin --enable-java-awt=gtk --enable-gtk-cairo --with-java-home=/usr/lib/jvm/java-1.5.0-gcj-5-amd64/jre --enable-java-home --with-jvm-root-dir=/usr/lib/jvm/java-1.5.0-gcj-5-amd64 --with-jvm-jar-dir=/usr/lib/jvm-exports/java-1.5.0-gcj-5-amd64 --with-arch-directory=amd64 --with-ecj-jar=/usr/share/java/eclipse-ecj.jar --enable-objc-gc --enable-multiarch --disable-werror --with-arch-32=i686 --with-abi=m64 --with-multilib-list=m32,m64,mx32 --enable-multilib --with-tune=generic --enable-checking=release --build=x86_64-linux-gnu --host=x86_64-linux-gnu --target=x86_64-linux-gnu
Thread model: posix
gcc version 5.4.0 20160609 (Ubuntu 5.4.0-6ubuntu1~16.04.10) 
configure:4125: $? = 0
configure:4114: gcc -V >&5
gcc: error: unrecognized command line option '-V'
gcc: fatal error: no input files
compilation terminated.
configure:4125: $? = 1
configure:4114: gcc -qversion >&5
gcc: error: unrecognized command line option '-qversion'
gcc: fatal error: no input files
compilation terminated.
configure:4125: $? = 1
configure:4129: checking whether we are using the GNU C compiler
configure:4148: gcc -c   conftest.c >&5
configure:4148: $? = 0
configure:4157: result: yes
configure:4166: checking whether gcc accepts -g
configure:4186: gcc -c -g  conftest.c >&5
configure:4186: $? = 0
configure:4227: result: yes
configure:4244: checking for gcc option to accept ISO C89
configure:4307: gcc  -c -g -O2  conftest.c >&5
configure:4307: $? = 0
configure:4320: result: none needed
configure:4345: checking whether gcc understands -c and -o together
configure:4367: gcc -c conftest.c -o conftest2.o
configure:4370: $? = 0
configure:4367: gcc -c conftest.c -o conftest2.o
configure:4370: $? = 0
configure:4382: result: yes
configure:4401: checking dependency style of gcc
configure:4512: result: gcc3
configure:4527: checking for a sed that does not truncate output
configure:4591: result: /bin/sed
configure:4609: checking for grep that handles long lines and -e
configure:4667: result: /bin/grep
configure:4672: checking for egrep
configure:4734: result: /bin/grep -E
configure:4739: checking for fgrep
configure:4801: result: /bin/grep -F
configure:4836: checking for ld used by gcc
configure:4903: result: /usr/bin/ld
configure:4910: checking if the linker (/usr/bin/ld) is GNU ld
configure:4925: result: yes
configure:4937: checking for BSD- or MS-compatible name lister (nm)
configure:4991: result: /usr/bin/nm -B
configure:5121: checking the name lister (/usr/bin/nm -B) interface
configure:5128: g++ -c -g -O2  conftest.cpp >&5
configure:5131: /usr/bin/nm -B "conftest.o"
configure:5134: output
0000000000000000 B some_variable
configure:5141: result: BSD nm
configure:5144: checking whether ln -s works
configure:5148: result: yes
configure:5156: checking the maximum length of command line arguments
configure:5287: result: 1572864
configure:5335: checking how to convert x86_64-pc-linux-gnu file names to x86_64-pc-linux-gnu format
configure:5375: result: func_convert_file_noop
configure:5382: checking how to convert x86_64-pc-linux-gnu file names to toolchain format
configure:5402: result: func_convert_file_noop
configure:5409: checking for /usr/bin/ld option to reload object files
configure:5416: result: -r
configure:5490: checking for objdump
configure:5506: found /usr/bin/objdump
configure:5517: result: objdump
configure:5549: checking how to recognize dependent libraries
configure:5749: result: pass_all
configure:5834: checking for dlltool
configure:5864: result: no
configure:5894: checking how to associate runtime and link libraries
configure:5921: result: printf %s\n
configure:5982: checking for ar
configure:5998: found /usr/bin/ar
configure:6009: result: ar
configure:6046: checking for archiver @FILE support
configure:6063: g++ -c -g -O2  conftest.cpp >&5
configure:6063: $? = 0
configure:6066: ar cru libconftest.a @conftest.lst >&5
ar: `u' modifier ignored since `D' is the default (see `U')
configure:6069: $? = 0
configure:6074: ar cru libconftest.a @conftest.lst >&5
ar: `u' modifier ignored since `D' is the default (see `U')
ar: conftest.o: No such file or directory
configure:6077: $? = 1
configure:6089: result: @
configure:6147: checking for strip
configure:6163: found /usr/bin/strip
configure:6174: result: strip
configure:6246: checking for ranlib
configure:6262: found /usr/bin/ranlib
configure:6273: result: ranlib
configure:6375: checking command to parse /usr/bin/nm -B output from gcc object
configure:6528: g++ -c -g -O2  conftest.cpp >&5
configure:6531: $? = 0
configure:6535: /usr/bin/nm -B conftest.o \| sed -n -e 's/^.*[ ]\([ABCDGIRSTW][ABCDGIRSTW]*\)[ ][ ]*\([_A-Za-z][_A-Za-z0-9]*\)$/\1 \2 \2/p' | sed '/ __gnu_lto/d' \> conftest.nm
configure:6538: $? = 0
configure:6604: g++ -o conftest -g -O2   conftest.cpp conftstm.o >&5
configure:6607: $? = 0
configure:6645: result: ok
configure:6692: checking for sysroot
configure:6722: result: no
configure:6729: checking for a working dd
configure:6767: result: /bin/dd
configure:6771: checking how to truncate binary pipes
configure:6786: result: /bin/dd bs=4096 count=1
configure:6923: g++ -c -g -O2  conftest.cpp >&5
configure:6926: $? = 0
configure:7116: checking for mt
configure:7132: found /bin/mt
configure:7143: result: mt
configure:7166: checking if mt is a manifest tool
configure:7172: mt '-?'
configure:7180: result: no
configure:7857: checking how to run the C preprocessor
configure:7888: gcc -E  conftest.c
configure:7888: $? = 0
configure:7902: gcc -E  conftest.c
conftest.c:11:28: fatal error: ac_nonexistent.h: No such file or directory
compilation terminated.
configure:7902: $? = 1
configure: failed program was:
| /* confdefs.h */
| #define PACKAGE_NAME ""
| #define PACKAGE_TARNAME ""
| #define PACKAGE_VERSION ""
| #define PACKAGE_STRING ""
| #define PACKAGE_BUGREPORT ""
| #define PACKAGE_URL ""
| #define PACKAGE "SampleApp"
| #define VERSION "0.1"
| /* end confdefs.h.  */
| #include <ac_nonexistent.h>
configure:7927: result: gcc -E
configure:7947: gcc -E  conftest.c
configure:7947: $? = 0
configure:7961: gcc -E  conftest.c
conftest.c:11:28: fatal error: ac_nonexistent.h: No such file or directory
compilation terminated.
configure:7961: $? = 1
configure: failed program was:
| /* confdefs.h */
| #define PACKAGE_NAME ""
| #define PACKAGE_TARNAME ""
| #define PACKAGE_VERSION ""
| #define PACKAGE_STRING ""
| #define PACKAGE_BUGREPORT ""
| #define PACKAGE_URL ""
| #define PACKAGE "SampleApp"
| #define VERSION "0.1"
| /* end confdefs.h.  */
| #include <ac_nonexistent.h>
configure:7990: checking for ANSI C header files
configure:8010: gcc -c -g -O2  conftest.c >&5
configure:8010: $? = 0
configure:8083: gcc -o conftest -g -O2   conftest.c  >&5
configure:8083: $? = 0
configure:8083: ./conftest
configure:8083: $? = 0
configure:8094: result: yes
configure:8107: checking for sys/types.h
configure:8107: gcc -c -g -O2  conftest.c >&5
configure:8107: $? = 0
configure:8107: result: yes
configure:8107: checking for sys/stat.h
configure:8107: gcc -c -g -O2  conftest.c >&5
configure:8107: $? = 0
configure:8107: result: yes
configure:8107: checking for stdlib.h
configure:8107: gcc -c -g -O2  conftest.c >&5
configure:8107: $? = 0
configure:8107: result: yes
configure:8107: checking for string.h
configure:8107: gcc -c -g -O2  conftest.c >&5
configure:8107: $? = 0
configure:8107: result: yes
configure:8107: checking for memory.h
configure:8107: gcc -c -g -O2  conftest.c >&5
configure:8107: $? = 0
configure:8107: result: yes
configure:8107: checking for strings.h
configure:8107: gcc -c -g -O2  conftest.c >&5
configure:8107: $? = 0
configure:8107: result: yes
configure:8107: checking for inttypes.h
configure:8107: gcc -c -g -O2  conftest.c >&5
configure:8107: $? = 0
configure:8107: result: yes
configure:8107: checking for stdint.h
configure:8107: gcc -c -g -O2  conftest.c >&5
configure:8107: $? = 0
configure:8107: result: yes
configure:8107: checking for unistd.h
configure:8107: gcc -c -g -O2  conftest.c >&5
configure:8107: $? = 0
configure:8107: result: yes
configure:8121: checking for dlfcn.h
configure:8121: gcc -c -g -O2  conftest.c >&5
configure:8121: $? = 0
configure:8121: result: yes
configure:8387: checking for objdir
configure:8402: result: .libs
configure:8666: checking if gcc supports -fno-rtti -fno-exceptions
configure:8684: gcc -c -g -O2  -fno-rtti -fno-exceptions conftest.c >&5
cc1: warning: command line option '-fno-rtti' is valid for C++/ObjC++ but not for C
configure:8688: $? = 0
configure:8701: result: no
configure:9059: checking for gcc option to produce PIC
configure:9066: result: -fPIC -DPIC
configure:9074: checking if gcc PIC flag -fPIC -DPIC works
configure:9092: gcc -c -g -O2  -fPIC -DPIC -DPIC conftest.c >&5
configure:9096: $? = 0
configure:9109: result: yes
configure:9138: checking if gcc static flag -static works
configure:9166: result: yes
configure:9181: checking if gcc supports -c -o file.o
configure:9202: gcc -c -g -O2  -o out/conftest2.o conftest.c >&5
configure:9206: $? = 0
configure:9228: result: yes
configure:9236: checking if gcc supports -c -o file.o
configure:9283: result: yes
configure:9316: checking whether the gcc linker (/usr/bin/ld -m elf_x86_64) supports shared libraries
configure:10579: result: yes
configure:10616: checking whether -lc should be explicitly linked in
configure:10624: gcc -c -g -O2  conftest.c >&5
configure:10627: $? = 0
configure:10642: gcc -shared  -fPIC -DPIC conftest.o  -v -Wl,-soname -Wl,conftest -o conftest 2\>\&1 \| /bin/grep  -lc  \>/dev/null 2\>\&1
configure:10645: $? = 0
configure:10659: result: no
configure:10819: checking dynamic linker characteristics
configure:11400: gcc -o conftest -g -O2   -Wl,-rpath -Wl,/foo conftest.c  >&5
configure:11400: $? = 0
configure:11649: result: GNU/Linux ld.so
configure:11771: checking how to hardcode library paths into programs
configure:11796: result: immediate
configure:12344: checking whether stripping libraries is possible
configure:12349: result: yes
configure:12384: checking if libtool supports shared libraries
configure:12386: result: yes
configure:12389: checking whether to build shared libraries
configure:12414: result: yes
configure:12417: checking whether to build static libraries
configure:12421: result: yes
configure:12444: checking how to run the C++ preprocessor
configure:12471: g++ -E  conftest.cpp
configure:12471: $? = 0
configure:12485: g++ -E  conftest.cpp
conftest.cpp:23:28: fatal error: ac_nonexistent.h: No such file or directory
compilation terminated.
configure:12485: $? = 1
configure: failed program was:
| /* confdefs.h */
| #define PACKAGE_NAME ""
| #define PACKAGE_TARNAME ""
| #define PACKAGE_VERSION ""
| #define PACKAGE_STRING ""
| #define PACKAGE_BUGREPORT ""
| #define PACKAGE_URL ""
| #define PACKAGE "SampleApp"
| #define VERSION "0.1"
| #define STDC_HEADERS 1
| #define HAVE_SYS_TYPES_H 1
| #define HAVE_SYS_STAT_H 1
| #define HAVE_STDLIB_H 1
| #define HAVE_STRING_H 1
| #define HAVE_MEMORY_H 1
| #define HAVE_STRINGS_H 1
| #define HAVE_INTTYPES_H 1
| #define HAVE_STDINT_H 1
| #define HAVE_UNISTD_H 1
| #define HAVE_DLFCN_H 1
| #define LT_OBJDIR ".libs/"
| /* end confdefs.h.  */
| #include <ac_nonexistent.h>
configure:12510: result: g++ -E
configure:12530: g++ -E  conftest.cpp
configure:12530: $? = 0
configure:12544: g++ -E  conftest.cpp
conftest.cpp:23:28: fatal error: ac_nonexistent.h: No such file or directory
compilation terminated.
configure:12544: $? = 1
configure: failed program was:
| /* confdefs.h */
| #define PACKAGE_NAME ""
| #define PACKAGE_TARNAME ""
| #define PACKAGE_VERSION ""
| #define PACKAGE_STRING ""
| #define PACKAGE_BUGREPORT ""
| #define PACKAGE_URL ""
| #define PACKAGE "SampleApp"
| #define VERSION "0.1"
| #define STDC_HEADERS 1
| #define HAVE_SYS_TYPES_H 1
| #define HAVE_SYS_STAT_H 1
| #define HAVE_STDLIB_H 1
| #define HAVE_STRING_H 1
| #define HAVE_MEMORY_H 1
| #define HAVE_STRINGS_H 1
| #define HAVE_INTTYPES_H 1
| #define HAVE_STDINT_H 1
| #define HAVE_UNISTD_H 1
| #define HAVE_DLFCN_H 1
| #define LT_OBJDIR ".libs/"
| /* end confdefs.h.  */
| #include <ac_nonexistent.h>
configure:12706: checking for ld used by g++
configure:12773: result: /usr/bin/ld -m elf_x86_64
configure:12780: checking if the linker (/usr/bin/ld -m elf_x86_64) is GNU ld
configure:12795: result: yes
configure:12850: checking whether the g++ linker (/usr/bin/ld -m elf_x86_64) supports shared libraries
configure:13923: result: yes
configure:13959: g++ -c -g -O2  conftest.cpp >&5
configure:13962: $? = 0
configure:14443: checking for g++ option to produce PIC
configure:14450: result: -fPIC -DPIC
configure:14458: checking if g++ PIC flag -fPIC -DPIC works
configure:14476: g++ -c -g -O2  -fPIC -DPIC -DPIC conftest.cpp >&5
configure:14480: $? = 0
configure:14493: result: yes
configure:14516: checking if g++ static flag -static works
configure:14544: result: yes
configure:14556: checking if g++ supports -c -o file.o
configure:14577: g++ -c -g -O2  -o out/conftest2.o conftest.cpp >&5
configure:14581: $? = 0
configure:14603: result: yes
configure:14608: checking if g++ supports -c -o file.o
configure:14655: result: yes
configure:14685: checking whether the g++ linker (/usr/bin/ld -m elf_x86_64) supports shared libraries
configure:14728: result: yes
configure:14869: checking dynamic linker characteristics
configure:15626: result: GNU/Linux ld.so
configure:15691: checking how to hardcode library paths into programs
configure:15716: result: immediate
configure:15832: checking for pkg-config
configure:15850: found /usr/bin/pkg-config
configure:15862: result: /usr/bin/pkg-config
configure:15887: checking pkg-config is at least version 0.9.0
configure:15890: result: yes
configure:15900: checking for OGRE
configure:15907: $PKG_CONFIG --exists --print-errors "OGRE >= 1.9"
configure:15910: $? = 0
configure:15924: $PKG_CONFIG --exists --print-errors "OGRE >= 1.9"
configure:15927: $? = 0
configure:15985: result: yes
configure:15994: checking for OIS
configure:16001: $PKG_CONFIG --exists --print-errors "OIS >= 1.0"
configure:16004: $? = 0
configure:16018: $PKG_CONFIG --exists --print-errors "OIS >= 1.0"
configure:16021: $? = 0
configure:16079: result: yes
configure:16088: checking for bullet
configure:16095: $PKG_CONFIG --exists --print-errors "bullet >= 2.79"
configure:16098: $? = 0
configure:16112: $PKG_CONFIG --exists --print-errors "bullet >= 2.79"
configure:16115: $? = 0
configure:16173: result: yes
configure:16182: checking for CEGUI
configure:16189: $PKG_CONFIG --exists --print-errors "CEGUI-0 >= 0.7"
configure:16192: $? = 0
configure:16206: $PKG_CONFIG --exists --print-errors "CEGUI-0 >= 0.7"
configure:16209: $? = 0
configure:16267: result: yes
configure:16276: checking for CEGUI_OGRE
configure:16283: $PKG_CONFIG --exists --print-errors "CEGUI-0-OGRE >= 0.7"
configure:16286: $? = 0
configure:16300: $PKG_CONFIG --exists --print-errors "CEGUI-0-OGRE >= 0.7"
configure:16303: $? = 0
configure:16361: result: yes
configure:16370: checking for sdl2
configure:16377: $PKG_CONFIG --exists --print-errors "sdl2 >= 2.0"
configure:16380: $? = 0
configure:16394: $PKG_CONFIG --exists --print-errors "sdl2 >= 2.0"
configure:16397: $? = 0
configure:16455: result: yes
configure:16572: checking that generated files are newer than configure
configure:16578: result: done
configure:16605: creating ./config.status

## ---------------------- ##
## Running config.status. ##
## ---------------------- ##

This file was extended by config.status, which was
generated by GNU Autoconf 2.69.  Invocation command line was

  CONFIG_FILES    = 
  CONFIG_HEADERS  = 
  CONFIG_LINKS    = 
  CONFIG_COMMANDS = 
  $ ./config.status 

on katydid

config.status:1166: creating Makefile
config.status:1166: creating config.h
config.status:1347: config.h is unchanged
config.status:1395: executing depfiles commands
config.status:1395: executing libtool commands

## ---------------- ##
## Cache variables. ##
## ---------------- ##

ac_cv_build=x86_64-pc-linux-gnu
ac_cv_c_compiler_gnu=yes
ac_cv_cxx_compiler_gnu=yes
ac_cv_env_CCC_set=
ac_cv_env_CCC_value=
ac_cv_env_CC_set=
ac_cv_env_CC_value=
ac_cv_env_CEGUI_CFLAGS_set=
ac_cv_env_CEGUI_CFLAGS_value=
ac_cv_env_CEGUI_LIBS_set=
ac_cv_env_CEGUI_LIBS_value=
ac_cv_env_CEGUI_OGRE_CFLAGS_set=
ac_cv_env_CEGUI_OGRE_CFLAGS_value=
ac_cv_env_CEGUI_OGRE_LIBS_set=
ac_cv_env_CEGUI_OGRE_LIBS_value=
ac_cv_env_CFLAGS_set=
ac_cv_env_CFLAGS_value=
ac_cv_env_CPPFLAGS_set=
ac_cv_env_CPPFLAGS_value=
ac_cv_env_CPP_set=
ac_cv_env_CPP_value=
ac_cv_env_CXXCPP_set=
ac_cv_env_CXXCPP_value=
ac_cv_env_CXXFLAGS_set=
ac_cv_env_CXXFLAGS_value=
ac_cv_env_CXX_set=
ac_cv_env_CXX_value=
ac_cv_env_LDFLAGS_set=
ac_cv_env_LDFLAGS_value=
ac_cv_env_LIBS_set=
ac_cv_env_LIBS_value=
ac_cv_env_LT_SYS_LIBRARY_PATH_set=
ac_cv_env_LT_SYS_LIBRARY_PATH_value=
ac_cv_env_OGRE_CFLAGS_set=
ac_cv_env_OGRE_CFLAGS_value=
ac_cv_env_OGRE_LIBS_set=
ac_cv_env_OGRE_LIBS_value=
ac_cv_env_OIS_CFLAGS_set=
ac_cv_env_OIS_CFLAGS_value=
ac_cv_env_OIS_LIBS_set=
ac_cv_env_OIS_LIBS_value=
ac_cv_env_PKG_CONFIG_LIBDIR_set=
ac_cv_env_PKG_CONFIG_LIBDIR_value=
ac_cv_env_PKG_CONFIG_PATH_set=
ac_cv_env_PKG_CONFIG_PATH_value=
ac_cv_env_PKG_CONFIG_set=
ac_cv_env_PKG_CONFIG_value=
ac_cv_env_build_alias_set=
ac_cv_env_build_alias_value=
ac_cv_env_bullet_CFLAGS_set=
ac_cv_env_bullet_CFLAGS_value=
ac_cv_env_bullet_LIBS_set=
ac_cv_env_bullet_LIBS_value=
ac_cv_env_host_alias_set=
ac_cv_env_host_alias_value=
ac_cv_env_sdl2_CFLAGS_set=
ac_cv_env_sdl2_CFLAGS_value=
ac_cv_env_sdl2_LIBS_set=
ac_cv_env_sdl2_LIBS_value=
ac_cv_env_target_alias_set=
ac_cv_env_target_alias_value=
ac_cv_header_dlfcn_h=yes
ac_cv_header_inttypes_h=yes
ac_cv_header_memory_h=yes
ac_cv_header_stdc=yes
ac_cv_header_stdint_h=yes
ac_cv_header_stdlib_h=yes
ac_cv_header_string_h=yes
ac_cv_header_strings_h=yes
ac_cv_header_sys_stat_h=yes
ac_cv_header_sys_types_h=yes
ac_cv_header_unistd_h=yes
ac_cv_host=x86_64-pc-linux-gnu
ac_cv_objext=o
ac_cv_path_EGREP='/bin/grep -E'
ac_cv_path_FGREP='/bin/grep -F'
ac_cv_path_GREP=/bin/grep
ac_cv_path_SED=/bin/sed
ac_cv_path_ac_pt_PKG_CONFIG=/usr/bin/pkg-config
ac_cv_path_install='/usr/bin/install -c'
ac_cv_path_lt_DD=/bin/dd
ac_cv_path_mkdir=/bin/mkdir
ac_cv_prog_AWK=gawk
ac_cv_prog_CPP='gcc -E'
ac_cv_prog_CXXCPP='g++ -E'
ac_cv_prog_ac_ct_AR=ar
ac_cv_prog_ac_ct_CC=gcc
ac_cv_prog_ac_ct_CXX=g++
ac_cv_prog_ac_ct_MANIFEST_TOOL=mt
ac_cv_prog_ac_ct_OBJDUMP=objdump
ac_cv_prog_ac_ct_RANLIB=ranlib
ac_cv_prog_ac_ct_STRIP=strip
ac_cv_prog_cc_c89=
ac_cv_prog_cc_g=yes
ac_cv_prog_cxx_g=yes
ac_cv_prog_make_make_set=yes
am_cv_CC_dependencies_compiler_type=gcc3
am_cv_CXX_dependencies_compiler_type=gcc3
am_cv_make_support_nested_variables=yes
am_cv_prog_cc_c_o=yes
lt_cv_ar_at_file=@
lt_cv_archive_cmds_need_lc=no
lt_cv_deplibs_check_method=pass_all
lt_cv_file_magic_cmd='$MAGIC_CMD'
lt_cv_file_magic_test_file=
lt_cv_ld_reload_flag=-r
lt_cv_nm_interface='BSD nm'
lt_cv_objdir=.libs
lt_cv_path_LD=/usr/bin/ld
lt_cv_path_LDCXX='/usr/bin/ld -m elf_x86_64'
lt_cv_path_NM='/usr/bin/nm -B'
lt_cv_path_mainfest_tool=no
lt_cv_prog_compiler_c_o=yes
lt_cv_prog_compiler_c_o_CXX=yes
lt_cv_prog_compiler_pic='-fPIC -DPIC'
lt_cv_prog_compiler_pic_CXX='-fPIC -DPIC'
lt_cv_prog_compiler_pic_works=yes
lt_cv_prog_compiler_pic_works_CXX=yes
lt_cv_prog_compiler_rtti_exceptions=no
lt_cv_prog_compiler_static_works=yes
lt_cv_prog_compiler_static_works_CXX=yes
lt_cv_prog_gnu_ld=yes
lt_cv_prog_gnu_ldcxx=yes
lt_cv_sharedlib_from_linklib_cmd='printf %s\n'
lt_cv_shlibpath_overrides_runpath=no
lt_cv_sys_global_symbol_pipe='sed -n -e '\''s/^.*[	 ]\([ABCDGIRSTW][ABCDGIRSTW]*\)[	 ][	 ]*\([_A-Za-z][_A-Za-z0-9]*\)$/\1 \2 \2/p'\'' | sed '\''/ __gnu_lto/d'\'''
lt_cv_sys_global_symbol_to_c_name_address='sed -n -e '\''s/^: \(.*\) .*$/  {"\1", (void *) 0},/p'\'' -e '\''s/^[ABCDGIRSTW][ABCDGIRSTW]* .* \(.*\)$/  {"\1", (void *) \&\1},/p'\'''
lt_cv_sys_global_symbol_to_c_name_address_lib_prefix='sed -n -e '\''s/^: \(.*\) .*$/  {"\1", (void *) 0},/p'\'' -e '\''s/^[ABCDGIRSTW][ABCDGIRSTW]* .* \(lib.*\)$/  {"\1", (void *) \&\1},/p'\'' -e '\''s/^[ABCDGIRSTW][ABCDGIRSTW]* .* \(.*\)$/  {"lib\1", (void *) \&\1},/p'\'''
lt_cv_sys_global_symbol_to_cdecl='sed -n -e '\''s/^T .* \(.*\)$/extern int \1();/p'\'' -e '\''s/^[ABCDGIRSTW][ABCDGIRSTW]* .* \(.*\)$/extern char \1;/p'\'''
lt_cv_sys_global_symbol_to_import=
lt_cv_sys_max_cmd_len=1572864
lt_cv_to_host_file_cmd=func_convert_file_noop
lt_cv_to_tool_file_cmd=func_convert_file_noop
lt_cv_truncate_bin='/bin/dd bs=4096 count=1'
pkg_cv_CEGUI_CFLAGS=-I/lusr/opt/cegui-0.8.7/include/cegui-0
pkg_cv_CEGUI_LIBS='-L/lusr/opt/cegui-0.8.7/lib -lCEGUIBase-0'
pkg_cv_CEGUI_OGRE_CFLAGS='-pthread -I/lusr/opt/cegui-0.8.7/include/cegui-0 -I/usr/include/OGRE'
pkg_cv_CEGUI_OGRE_LIBS='-L/lusr/opt/cegui-0.8.7/lib -lCEGUIOgreRenderer-0 -lOgreMain -lpthread -lCEGUIBase-0'
pkg_cv_OGRE_CFLAGS='-pthread -I/usr/include/OGRE'
pkg_cv_OGRE_LIBS='-lOgreMain -lpthread'
pkg_cv_OIS_CFLAGS=-I/usr/include/ois
pkg_cv_OIS_LIBS=-lOIS
pkg_cv_bullet_CFLAGS=-I/usr/include/bullet
pkg_cv_bullet_LIBS='-lBulletSoftBody -lBulletDynamics -lBulletCollision -lLinearMath'
pkg_cv_sdl2_CFLAGS='-D_REENTRANT -I/usr/include/SDL2'
pkg_cv_sdl2_LIBS=-lSDL2

## ----------------- ##
## Output variables. ##
## ----------------- ##

ACLOCAL='${SHELL} /u/danielw/gametech/CS354R-Assignment-3/appdirectory/missing aclocal-1.15'
AMDEPBACKSLASH='\'
AMDEP_FALSE='#'
AMDEP_TRUE=''
AMTAR='$${TAR-tar}'
AM_BACKSLASH='\'
AM_DEFAULT_V='$(AM_DEFAULT_VERBOSITY)'
AM_DEFAULT_VERBOSITY='1'
AM_V='$(V)'
AR='ar'
AUTOCONF='${SHELL} /u/danielw/gametech/CS354R-Assignment-3/appdirectory/missing autoconf'
AUTOHEADER='${SHELL} /u/danielw/gametech/CS354R-Assignment-3/appdirectory/missing autoheader'
AUTOMAKE='${SHELL} /u/danielw/gametech/CS354R-Assignment-3/appdirectory/missing automake-1.15'
AWK='gawk'
BULLET_CFLAGS=''
BULLET_LIBS=''
CC='gcc'
CCDEPMODE='depmode=gcc3'
CEGUI_CFLAGS='-I/lusr/opt/cegui-0.8.7/include/cegui-0'
CEGUI_LIBS='-L/lusr/opt/cegui-0.8.7/lib -lCEGUIBase-0'
CEGUI_OGRE_CFLAGS='-pthread -I/lusr/opt/cegui-0.8.7/include/cegui-0 -I/usr/include/OGRE'
CEGUI_OGRE_LIBS='-L/lusr/opt/cegui-0.8.7/lib -lCEGUIOgreRenderer-0 -lOgreMain -lpthread -lCEGUIBase-0'
CFLAGS='-g -O2'
CPP='gcc -E'
CPPFLAGS=''
CXX='g++'
CXXCPP='g++ -E'
CXXDEPMODE='depmode=gcc3'
CXXFLAGS='-g -O2'
CYGPATH_W='echo'
DEFS='-DHAVE_CONFIG_H'
DEPDIR='.deps'
DLLTOOL='false'
DSYMUTIL=''
DUMPBIN=''
ECHO_C=''
ECHO_N='-n'
ECHO_T=''
EGREP='/bin/grep -E'
EXEEXT=''
FGREP='/bin/grep -F'
GREP='/bin/grep'
INSTALL_DATA='${INSTALL} -m 644'
INSTALL_PROGRAM='${INSTALL}'
INSTALL_SCRIPT='${INSTALL}'
INSTALL_STRIP_PROGRAM='$(install_sh) -c -s'
LD='/usr/bin/ld -m elf_x86_64'
LDFLAGS=''
LIBOBJS=''
LIBS=''
LIBTOOL='$(SHELL) $(top_builddir)/libtool'
LIPO=''
LN_S='ln -s'
LTLIBOBJS=''
LT_SYS_LIBRARY_PATH=''
MAKEINFO='${SHELL} /u/danielw/gametech/CS354R-Assignment-3/appdirectory/missing makeinfo'
MANIFEST_TOOL=':'
MKDIR_P='/bin/mkdir -p'
NM='/usr/bin/nm -B'
NMEDIT=''
OBJDUMP='objdump'
OBJEXT='o'
OGRE_CFLAGS='-pthread -I/usr/include/OGRE'
OGRE_LIBS='-lOgreMain -lpthread'
OIS_CFLAGS='-I/usr/include/ois'
OIS_LIBS='-lOIS'
OTOOL64=''
OTOOL=''
PACKAGE='SampleApp'
PACKAGE_BUGREPORT=''
PACKAGE_NAME=''
PACKAGE_STRING=''
PACKAGE_TARNAME=''
PACKAGE_URL=''
PACKAGE_VERSION=''
PATH_SEPARATOR=':'
PKG_CONFIG='/usr/bin/pkg-config'
PKG_CONFIG_LIBDIR=''
PKG_CONFIG_PATH=''
RANLIB='ranlib'
SDL2_CFLAGS=''
SDL2_LIBS=''
SED='/bin/sed'
SET_MAKE=''
SHELL='/bin/bash'
STRIP='strip'
VERSION='0.1'
ac_ct_AR='ar'
ac_ct_CC='gcc'
ac_ct_CXX='g++'
ac_ct_DUMPBIN=''
am__EXEEXT_FALSE=''
am__EXEEXT_TRUE='#'
am__fastdepCC_FALSE='#'
am__fastdepCC_TRUE=''
am__fastdepCXX_FALSE='#'
am__fastdepCXX_TRUE=''
am__include='include'
am__isrc=''
am__leading_dot='.'
am__nodep='_no'
am__quote=''
am__tar='$${TAR-tar} chof - "$$tardir"'
am__untar='$${TAR-tar} xf -'
bindir='${exec_prefix}/bin'
build='x86_64-pc-linux-gnu'
build_alias=''
build_cpu='x86_64'
build_os='linux-gnu'
build_vendor='pc'
bullet_CFLAGS='-I/usr/include/bullet'
bullet_LIBS='-lBulletSoftBody -lBulletDynamics -lBulletCollision -lLinearMath'
datadir='${datarootdir}'
datarootdir='${prefix}/share'
docdir='${datarootdir}/doc/${PACKAGE}'
dvidir='${docdir}'
exec_prefix='${prefix}'
host='x86_64-pc-linux-gnu'
host_alias=''
host_cpu='x86_64'
host_os='linux-gnu'
host_vendor='pc'
htmldir='${docdir}'
includedir='${prefix}/include'
infodir='${datarootdir}/info'
install_sh='${SHELL} /u/danielw/gametech/CS354R-Assignment-3/appdirectory/install-sh'
libdir='${exec_prefix}/lib'
libexecdir='${exec_prefix}/libexec'
localedir='${datarootdir}/locale'
localstatedir='${prefix}/var'
mandir='${datarootdir}/man'
mkdir_p='$(MKDIR_P)'
oldincludedir='/usr/include'
pdfdir='${docdir}'
prefix='/usr/local'
program_transform_name='s,x,x,'
psdir='${docdir}'
runstatedir='${localstatedir}/run'
sbindir='${exec_prefix}/sbin'
sdl2_CFLAGS='-D_REENTRANT -I/usr/include/SDL2'
sdl2_LIBS='-lSDL2'
sharedstatedir='${prefix}/com'
sysconfdir='${prefix}/etc'
target_alias=''

## ----------- ##
## confdefs.h. ##
## ----------- ##

/* confdefs.h */
#define PACKAGE_NAME ""
#define PACKAGE_TARNAME ""
#define PACKAGE_VERSION ""
#define PACKAGE_STRING ""
#define PACKAGE_BUGREPORT ""
#define PACKAGE_URL ""
#define PACKAGE "SampleApp"
#define VERSION "0.1"
#define STDC_HEADERS 1
#define HAVE_SYS_TYPES_H 1
#define HAVE_SYS_STAT_H 1
#define HAVE_STDLIB_H 1
#define HAVE_STRING_H 1
#define HAVE_MEMORY_H 1
#define HAVE_STRINGS_H 1
#define HAVE_INTTYPES_H 1
#define HAVE_STDINT_H 1
#define HAVE_UNISTD_H 1
#define HAVE_DLFCN_H 1
#define LT_OBJDIR ".libs/"

configure: exit 0

## ---------------------- ##
## Running config.status. ##
## ---------------------- ##

This file was extended by config.status, which was
generated by GNU Autoconf 2.69.  Invocation command line was

  CONFIG_FILES    = 
  CONFIG_HEADERS  = 
  CONFIG_LINKS    = 
  CONFIG_COMMANDS = 
  $ ./config.status config.h

on katydid

config.status:1166: creating config.h
config.status:1347: config.h is unchanged
